 srun -n 4 ./mpi_2dmesh -i ../data/zebra-gray-int8-4x -x 7112 -y 5146 -g 1  
Hello world, I'm rank 0 of 4 total ranks running on <nid004652>


Timing results from rank 0: 
	Scatter time:	18.7300 (ms) 
	Sobel time:	86.4789 (ms) 
	Gather time:	9.9506 (ms) 
	Message Count:	6 
Total data transferred 219618560 bytes
Total data transferred 219 MB
Hello world, I'm rank 2 of 4 total ranks running on <nid005679>
Hello world, I'm rank 3 of 4 total ranks running on <nid006155>
Hello world, I'm rank 1 of 4 total ranks running on <nid005326>
 srun -n 4 ./mpi_2dmesh -i ../data/zebra-gray-int8-4x -x 7112 -y 5146 -g 2  
srun: Job 18246680 step creation temporarily disabled, retrying (Requested nodes are busy)
srun: Step created for StepId=18246680.1
Hello world, I'm rank 0 of 4 total ranks running on <nid004652>


Timing results from rank 0: 
	Scatter time:	37.1926 (ms) 
	Sobel time:	86.1114 (ms) 
	Gather time:	32.8495 (ms) 
	Message Count:	6 
Total data transferred 219590112 bytes
Total data transferred 219 MB
Hello world, I'm rank 2 of 4 total ranks running on <nid005679>
Hello world, I'm rank 1 of 4 total ranks running on <nid005326>
Hello world, I'm rank 3 of 4 total ranks running on <nid006155>
 srun -n 4 ./mpi_2dmesh -i ../data/zebra-gray-int8-4x -x 7112 -y 5146 -g 3  
srun: Job 18246680 step creation temporarily disabled, retrying (Requested nodes are busy)
srun: Step created for StepId=18246680.2
Hello world, I'm rank 0 of 4 total ranks running on <nid004652>


Timing results from rank 0: 
	Scatter time:	35.8657 (ms) 
	Sobel time:	86.2255 (ms) 
	Gather time:	31.5999 (ms) 
	Message Count:	6 
Total data transferred 219590112 bytes
Total data transferred 219 MB
Hello world, I'm rank 2 of 4 total ranks running on <nid005679>
Hello world, I'm rank 1 of 4 total ranks running on <nid005326>
Hello world, I'm rank 3 of 4 total ranks running on <nid006155>
 srun -n 9 ./mpi_2dmesh -i ../data/zebra-gray-int8-4x -x 7112 -y 5146 -g 1  
srun: Job 18246680 step creation temporarily disabled, retrying (Requested nodes are busy)
srun: Step created for StepId=18246680.3
Hello world, I'm rank 0 of 9 total ranks running on <nid004652>


Timing results from rank 0: 
	Scatter time:	34.2457 (ms) 
	Sobel time:	38.6006 (ms) 
	Gather time:	29.5179 (ms) 
	Message Count:	16 
Total data transferred 260299200 bytes
Total data transferred 260 MB
Hello world, I'm rank 7 of 9 total ranks running on <nid006155>
Hello world, I'm rank 3 of 9 total ranks running on <nid005326>
Hello world, I'm rank 6 of 9 total ranks running on <nid005679>
Hello world, I'm rank 8 of 9 total ranks running on <nid006155>
Hello world, I'm rank 4 of 9 total ranks running on <nid005326>
Hello world, I'm rank 5 of 9 total ranks running on <nid005679>
Hello world, I'm rank 2 of 9 total ranks running on <nid004652>
Hello world, I'm rank 1 of 9 total ranks running on <nid004652>
 srun -n 9 ./mpi_2dmesh -i ../data/zebra-gray-int8-4x -x 7112 -y 5146 -g 2  
srun: Job 18246680 step creation temporarily disabled, retrying (Requested nodes are busy)
srun: Step created for StepId=18246680.4
Hello world, I'm rank 0 of 9 total ranks running on <nid004652>


Timing results from rank 0: 
	Scatter time:	60.7554 (ms) 
	Sobel time:	38.8917 (ms) 
	Gather time:	47.9797 (ms) 
	Message Count:	16 
Total data transferred 260264096 bytes
Total data transferred 260 MB
Hello world, I'm rank 7 of 9 total ranks running on <nid006155>
Hello world, I'm rank 6 of 9 total ranks running on <nid005679>
Hello world, I'm rank 3 of 9 total ranks running on <nid005326>
Hello world, I'm rank 5 of 9 total ranks running on <nid005679>
Hello world, I'm rank 4 of 9 total ranks running on <nid005326>
Hello world, I'm rank 8 of 9 total ranks running on <nid006155>
Hello world, I'm rank 2 of 9 total ranks running on <nid004652>
Hello world, I'm rank 1 of 9 total ranks running on <nid004652>
 srun -n 9 ./mpi_2dmesh -i ../data/zebra-gray-int8-4x -x 7112 -y 5146 -g 3  
srun: Job 18246680 step creation temporarily disabled, retrying (Requested nodes are busy)
srun: Step created for StepId=18246680.5
Hello world, I'm rank 0 of 9 total ranks running on <nid004652>


Timing results from rank 0: 
	Scatter time:	54.8033 (ms) 
	Sobel time:	40.4319 (ms) 
	Gather time:	41.4945 (ms) 
	Message Count:	16 
Total data transferred 260270416 bytes
Total data transferred 260 MB
Hello world, I'm rank 3 of 9 total ranks running on <nid005326>
Hello world, I'm rank 5 of 9 total ranks running on <nid005679>
Hello world, I'm rank 7 of 9 total ranks running on <nid006155>
Hello world, I'm rank 6 of 9 total ranks running on <nid005679>
Hello world, I'm rank 4 of 9 total ranks running on <nid005326>
Hello world, I'm rank 8 of 9 total ranks running on <nid006155>
Hello world, I'm rank 2 of 9 total ranks running on <nid004652>
Hello world, I'm rank 1 of 9 total ranks running on <nid004652>
 srun -n 16 ./mpi_2dmesh -i ../data/zebra-gray-int8-4x -x 7112 -y 5146 -g 1  
srun: Job 18246680 step creation temporarily disabled, retrying (Requested nodes are busy)
srun: Step created for StepId=18246680.6
Hello world, I'm rank 0 of 16 total ranks running on <nid004652>


Timing results from rank 0: 
	Scatter time:	26.7089 (ms) 
	Sobel time:	22.0996 (ms) 
	Gather time:	27.0427 (ms) 
	Message Count:	30 
Total data transferred 274523200 bytes
Total data transferred 274 MB
Hello world, I'm rank 6 of 16 total ranks running on <nid005326>
Hello world, I'm rank 12 of 16 total ranks running on <nid006155>
Hello world, I'm rank 9 of 16 total ranks running on <nid005679>
Hello world, I'm rank 2 of 16 total ranks running on <nid004652>
Hello world, I'm rank 14 of 16 total ranks running on <nid006155>
Hello world, I'm rank 1 of 16 total ranks running on <nid004652>
Hello world, I'm rank 13 of 16 total ranks running on <nid006155>
Hello world, I'm rank 15 of 16 total ranks running on <nid006155>
Hello world, I'm rank 10 of 16 total ranks running on <nid005679>
Hello world, I'm rank 11 of 16 total ranks running on <nid005679>
Hello world, I'm rank 8 of 16 total ranks running on <nid005679>
Hello world, I'm rank 3 of 16 total ranks running on <nid004652>
Hello world, I'm rank 7 of 16 total ranks running on <nid005326>
Hello world, I'm rank 5 of 16 total ranks running on <nid005326>
Hello world, I'm rank 4 of 16 total ranks running on <nid005326>
 srun -n 16 ./mpi_2dmesh -i ../data/zebra-gray-int8-4x -x 7112 -y 5146 -g 2  
srun: Job 18246680 step creation temporarily disabled, retrying (Requested nodes are busy)
srun: Step created for StepId=18246680.7
Hello world, I'm rank 0 of 16 total ranks running on <nid004652>


Timing results from rank 0: 
	Scatter time:	58.9002 (ms) 
	Sobel time:	22.0755 (ms) 
	Gather time:	46.6885 (ms) 
	Message Count:	30 
Total data transferred 274508224 bytes
Total data transferred 274 MB
Hello world, I'm rank 12 of 16 total ranks running on <nid006155>
Hello world, I'm rank 8 of 16 total ranks running on <nid005679>
Hello world, I'm rank 1 of 16 total ranks running on <nid004652>
Hello world, I'm rank 3 of 16 total ranks running on <nid004652>
Hello world, I'm rank 11 of 16 total ranks running on <nid005679>
Hello world, I'm rank 2 of 16 total ranks running on <nid004652>
Hello world, I'm rank 9 of 16 total ranks running on <nid005679>
Hello world, I'm rank 13 of 16 total ranks running on <nid006155>
Hello world, I'm rank 10 of 16 total ranks running on <nid005679>
Hello world, I'm rank 15 of 16 total ranks running on <nid006155>
Hello world, I'm rank 7 of 16 total ranks running on <nid005326>
Hello world, I'm rank 14 of 16 total ranks running on <nid006155>
Hello world, I'm rank 4 of 16 total ranks running on <nid005326>
Hello world, I'm rank 5 of 16 total ranks running on <nid005326>
Hello world, I'm rank 6 of 16 total ranks running on <nid005326>
 srun -n 16 ./mpi_2dmesh -i ../data/zebra-gray-int8-4x -x 7112 -y 5146 -g 3  
srun: Job 18246680 step creation temporarily disabled, retrying (Requested nodes are busy)
srun: Step created for StepId=18246680.8
Hello world, I'm rank 0 of 16 total ranks running on <nid004652>


Timing results from rank 0: 
	Scatter time:	49.0950 (ms) 
	Sobel time:	21.6630 (ms) 
	Gather time:	39.9980 (ms) 
	Message Count:	30 
Total data transferred 274494752 bytes
Total data transferred 274 MB
Hello world, I'm rank 8 of 16 total ranks running on <nid005679>
Hello world, I'm rank 9 of 16 total ranks running on <nid005679>
Hello world, I'm rank 1 of 16 total ranks running on <nid004652>
Hello world, I'm rank 11 of 16 total ranks running on <nid005679>
Hello world, I'm rank 2 of 16 total ranks running on <nid004652>
Hello world, I'm rank 10 of 16 total ranks running on <nid005679>
Hello world, I'm rank 3 of 16 total ranks running on <nid004652>
Hello world, I'm rank 15 of 16 total ranks running on <nid006155>
Hello world, I'm rank 6 of 16 total ranks running on <nid005326>
Hello world, I'm rank 12 of 16 total ranks running on <nid006155>
Hello world, I'm rank 14 of 16 total ranks running on <nid006155>
Hello world, I'm rank 5 of 16 total ranks running on <nid005326>
Hello world, I'm rank 4 of 16 total ranks running on <nid005326>
Hello world, I'm rank 13 of 16 total ranks running on <nid006155>
Hello world, I'm rank 7 of 16 total ranks running on <nid005326>
 srun -n 25 ./mpi_2dmesh -i ../data/zebra-gray-int8-4x -x 7112 -y 5146 -g 1  
srun: Job 18246680 step creation temporarily disabled, retrying (Requested nodes are busy)
srun: Step created for StepId=18246680.9
Hello world, I'm rank 0 of 25 total ranks running on <nid004652>


Timing results from rank 0: 
	Scatter time:	32.1182 (ms) 
	Sobel time:	15.0915 (ms) 
	Gather time:	32.7905 (ms) 
	Message Count:	48 
Total data transferred 281123136 bytes
Total data transferred 281 MB
Hello world, I'm rank 15 of 25 total ranks running on <nid005679>
Hello world, I'm rank 16 of 25 total ranks running on <nid005679>
Hello world, I'm rank 2 of 25 total ranks running on <nid004652>
Hello world, I'm rank 21 of 25 total ranks running on <nid006155>
Hello world, I'm rank 5 of 25 total ranks running on <nid004652>
Hello world, I'm rank 23 of 25 total ranks running on <nid006155>
Hello world, I'm rank 6 of 25 total ranks running on <nid004652>
Hello world, I'm rank 3 of 25 total ranks running on <nid004652>
Hello world, I'm rank 17 of 25 total ranks running on <nid005679>
Hello world, I'm rank 18 of 25 total ranks running on <nid005679>
Hello world, I'm rank 4 of 25 total ranks running on <nid004652>
Hello world, I'm rank 1 of 25 total ranks running on <nid004652>
Hello world, I'm rank 14 of 25 total ranks running on <nid005679>
Hello world, I'm rank 13 of 25 total ranks running on <nid005679>
Hello world, I'm rank 19 of 25 total ranks running on <nid006155>
Hello world, I'm rank 24 of 25 total ranks running on <nid006155>
Hello world, I'm rank 20 of 25 total ranks running on <nid006155>
Hello world, I'm rank 10 of 25 total ranks running on <nid005326>
Hello world, I'm rank 22 of 25 total ranks running on <nid006155>
Hello world, I'm rank 11 of 25 total ranks running on <nid005326>
Hello world, I'm rank 8 of 25 total ranks running on <nid005326>
Hello world, I'm rank 7 of 25 total ranks running on <nid005326>
Hello world, I'm rank 9 of 25 total ranks running on <nid005326>
Hello world, I'm rank 12 of 25 total ranks running on <nid005326>
 srun -n 25 ./mpi_2dmesh -i ../data/zebra-gray-int8-4x -x 7112 -y 5146 -g 2  
srun: Job 18246680 step creation temporarily disabled, retrying (Requested nodes are busy)
srun: Step created for StepId=18246680.10
Hello world, I'm rank 0 of 25 total ranks running on <nid004652>


Timing results from rank 0: 
	Scatter time:	62.2508 (ms) 
	Sobel time:	14.4265 (ms) 
	Gather time:	51.3008 (ms) 
	Message Count:	48 
Total data transferred 281095104 bytes
Total data transferred 281 MB
Hello world, I'm rank 14 of 25 total ranks running on <nid005679>
Hello world, I'm rank 16 of 25 total ranks running on <nid005679>
Hello world, I'm rank 4 of 25 total ranks running on <nid004652>
Hello world, I'm rank 2 of 25 total ranks running on <nid004652>
Hello world, I'm rank 24 of 25 total ranks running on <nid006155>
Hello world, I'm rank 19 of 25 total ranks running on <nid006155>
Hello world, I'm rank 20 of 25 total ranks running on <nid006155>
Hello world, I'm rank 21 of 25 total ranks running on <nid006155>
Hello world, I'm rank 22 of 25 total ranks running on <nid006155>
Hello world, I'm rank 6 of 25 total ranks running on <nid004652>
Hello world, I'm rank 23 of 25 total ranks running on <nid006155>
Hello world, I'm rank 18 of 25 total ranks running on <nid005679>
Hello world, I'm rank 17 of 25 total ranks running on <nid005679>
Hello world, I'm rank 15 of 25 total ranks running on <nid005679>
Hello world, I'm rank 3 of 25 total ranks running on <nid004652>
Hello world, I'm rank 10 of 25 total ranks running on <nid005326>
Hello world, I'm rank 13 of 25 total ranks running on <nid005679>
Hello world, I'm rank 5 of 25 total ranks running on <nid004652>
Hello world, I'm rank 1 of 25 total ranks running on <nid004652>
Hello world, I'm rank 8 of 25 total ranks running on <nid005326>
Hello world, I'm rank 11 of 25 total ranks running on <nid005326>
Hello world, I'm rank 9 of 25 total ranks running on <nid005326>
Hello world, I'm rank 7 of 25 total ranks running on <nid005326>
Hello world, I'm rank 12 of 25 total ranks running on <nid005326>
 srun -n 25 ./mpi_2dmesh -i ../data/zebra-gray-int8-4x -x 7112 -y 5146 -g 3  
srun: Job 18246680 step creation temporarily disabled, retrying (Requested nodes are busy)
srun: Step created for StepId=18246680.11
Hello world, I'm rank 0 of 25 total ranks running on <nid004652>


Timing results from rank 0: 
	Scatter time:	56.3284 (ms) 
	Sobel time:	14.8856 (ms) 
	Gather time:	44.1415 (ms) 
	Message Count:	48 
Total data transferred 281080912 bytes
Total data transferred 281 MB
Hello world, I'm rank 24 of 25 total ranks running on <nid006155>
Hello world, I'm rank 16 of 25 total ranks running on <nid005679>
Hello world, I'm rank 17 of 25 total ranks running on <nid005679>
Hello world, I'm rank 13 of 25 total ranks running on <nid005679>
Hello world, I'm rank 8 of 25 total ranks running on <nid005326>
Hello world, I'm rank 23 of 25 total ranks running on <nid006155>
Hello world, I'm rank 2 of 25 total ranks running on <nid004652>
Hello world, I'm rank 3 of 25 total ranks running on <nid004652>
Hello world, I'm rank 5 of 25 total ranks running on <nid004652>
Hello world, I'm rank 19 of 25 total ranks running on <nid006155>
Hello world, I'm rank 22 of 25 total ranks running on <nid006155>
Hello world, I'm rank 20 of 25 total ranks running on <nid006155>
Hello world, I'm rank 21 of 25 total ranks running on <nid006155>
Hello world, I'm rank 14 of 25 total ranks running on <nid005679>
Hello world, I'm rank 10 of 25 total ranks running on <nid005326>
Hello world, I'm rank 4 of 25 total ranks running on <nid004652>
Hello world, I'm rank 15 of 25 total ranks running on <nid005679>
Hello world, I'm rank 18 of 25 total ranks running on <nid005679>
Hello world, I'm rank 1 of 25 total ranks running on <nid004652>
Hello world, I'm rank 6 of 25 total ranks running on <nid004652>
Hello world, I'm rank 12 of 25 total ranks running on <nid005326>
Hello world, I'm rank 9 of 25 total ranks running on <nid005326>
Hello world, I'm rank 7 of 25 total ranks running on <nid005326>
Hello world, I'm rank 11 of 25 total ranks running on <nid005326>
 srun -n 36 ./mpi_2dmesh -i ../data/zebra-gray-int8-4x -x 7112 -y 5146 -g 1  
srun: Job 18246680 step creation temporarily disabled, retrying (Requested nodes are busy)
srun: Step created for StepId=18246680.12
Hello world, I'm rank 0 of 36 total ranks running on <nid004652>


Timing results from rank 0: 
	Scatter time:	31.3626 (ms) 
	Sobel time:	13.2423 (ms) 
	Gather time:	32.0148 (ms) 
	Message Count:	70 
Total data transferred 284707584 bytes
Total data transferred 284 MB
Hello world, I'm rank 17 of 36 total ranks running on <nid005326>
Hello world, I'm rank 20 of 36 total ranks running on <nid005679>
Hello world, I'm rank 26 of 36 total ranks running on <nid005679>
Hello world, I'm rank 6 of 36 total ranks running on <nid004652>
Hello world, I'm rank 19 of 36 total ranks running on <nid005679>
Hello world, I'm rank 22 of 36 total ranks running on <nid005679>
Hello world, I'm rank 2 of 36 total ranks running on <nid004652>
Hello world, I'm rank 7 of 36 total ranks running on <nid004652>
Hello world, I'm rank 24 of 36 total ranks running on <nid005679>
Hello world, I'm rank 23 of 36 total ranks running on <nid005679>
Hello world, I'm rank 18 of 36 total ranks running on <nid005679>
Hello world, I'm rank 25 of 36 total ranks running on <nid005679>
Hello world, I'm rank 4 of 36 total ranks running on <nid004652>
Hello world, I'm rank 3 of 36 total ranks running on <nid004652>
Hello world, I'm rank 30 of 36 total ranks running on <nid006155>
Hello world, I'm rank 35 of 36 total ranks running on <nid006155>
Hello world, I'm rank 21 of 36 total ranks running on <nid005679>
Hello world, I'm rank 28 of 36 total ranks running on <nid006155>
Hello world, I'm rank 27 of 36 total ranks running on <nid006155>
Hello world, I'm rank 8 of 36 total ranks running on <nid004652>
Hello world, I'm rank 5 of 36 total ranks running on <nid004652>
Hello world, I'm rank 29 of 36 total ranks running on <nid006155>
Hello world, I'm rank 1 of 36 total ranks running on <nid004652>
Hello world, I'm rank 33 of 36 total ranks running on <nid006155>
Hello world, I'm rank 31 of 36 total ranks running on <nid006155>
Hello world, I'm rank 32 of 36 total ranks running on <nid006155>
Hello world, I'm rank 15 of 36 total ranks running on <nid005326>
Hello world, I'm rank 34 of 36 total ranks running on <nid006155>
Hello world, I'm rank 13 of 36 total ranks running on <nid005326>
Hello world, I'm rank 14 of 36 total ranks running on <nid005326>
Hello world, I'm rank 10 of 36 total ranks running on <nid005326>
Hello world, I'm rank 12 of 36 total ranks running on <nid005326>
Hello world, I'm rank 16 of 36 total ranks running on <nid005326>
Hello world, I'm rank 9 of 36 total ranks running on <nid005326>
Hello world, I'm rank 11 of 36 total ranks running on <nid005326>
 srun -n 36 ./mpi_2dmesh -i ../data/zebra-gray-int8-4x -x 7112 -y 5146 -g 2  
srun: Job 18246680 step creation temporarily disabled, retrying (Requested nodes are busy)
srun: Step created for StepId=18246680.13
Hello world, I'm rank 0 of 36 total ranks running on <nid004652>


Timing results from rank 0: 
	Scatter time:	58.6242 (ms) 
	Sobel time:	11.8029 (ms) 
	Gather time:	48.6746 (ms) 
	Message Count:	70 
Total data transferred 284676720 bytes
Total data transferred 284 MB
Hello world, I'm rank 26 of 36 total ranks running on <nid005679>
Hello world, I'm rank 12 of 36 total ranks running on <nid005326>
Hello world, I'm rank 20 of 36 total ranks running on <nid005679>
Hello world, I'm rank 22 of 36 total ranks running on <nid005679>
Hello world, I'm rank 33 of 36 total ranks running on <nid006155>
Hello world, I'm rank 24 of 36 total ranks running on <nid005679>
Hello world, I'm rank 8 of 36 total ranks running on <nid004652>
Hello world, I'm rank 27 of 36 total ranks running on <nid006155>
Hello world, I'm rank 21 of 36 total ranks running on <nid005679>
Hello world, I'm rank 3 of 36 total ranks running on <nid004652>
Hello world, I'm rank 2 of 36 total ranks running on <nid004652>
Hello world, I'm rank 6 of 36 total ranks running on <nid004652>
Hello world, I'm rank 5 of 36 total ranks running on <nid004652>
Hello world, I'm rank 4 of 36 total ranks running on <nid004652>
Hello world, I'm rank 7 of 36 total ranks running on <nid004652>
Hello world, I'm rank 18 of 36 total ranks running on <nid005679>
Hello world, I'm rank 30 of 36 total ranks running on <nid006155>
Hello world, I'm rank 19 of 36 total ranks running on <nid005679>
Hello world, I'm rank 25 of 36 total ranks running on <nid005679>
Hello world, I'm rank 16 of 36 total ranks running on <nid005326>
Hello world, I'm rank 23 of 36 total ranks running on <nid005679>
Hello world, I'm rank 1 of 36 total ranks running on <nid004652>
Hello world, I'm rank 11 of 36 total ranks running on <nid005326>
Hello world, I'm rank 29 of 36 total ranks running on <nid006155>
Hello world, I'm rank 32 of 36 total ranks running on <nid006155>
Hello world, I'm rank 14 of 36 total ranks running on <nid005326>
Hello world, I'm rank 31 of 36 total ranks running on <nid006155>
Hello world, I'm rank 34 of 36 total ranks running on <nid006155>
Hello world, I'm rank 28 of 36 total ranks running on <nid006155>
Hello world, I'm rank 17 of 36 total ranks running on <nid005326>
Hello world, I'm rank 35 of 36 total ranks running on <nid006155>
Hello world, I'm rank 9 of 36 total ranks running on <nid005326>
Hello world, I'm rank 15 of 36 total ranks running on <nid005326>
Hello world, I'm rank 10 of 36 total ranks running on <nid005326>
Hello world, I'm rank 13 of 36 total ranks running on <nid005326>
 srun -n 36 ./mpi_2dmesh -i ../data/zebra-gray-int8-4x -x 7112 -y 5146 -g 3  
srun: Job 18246680 step creation temporarily disabled, retrying (Requested nodes are busy)
srun: Step created for StepId=18246680.14
Hello world, I'm rank 0 of 36 total ranks running on <nid004652>


Timing results from rank 0: 
	Scatter time:	55.6762 (ms) 
	Sobel time:	16.9037 (ms) 
	Gather time:	43.3233 (ms) 
	Message Count:	70 
Total data transferred 284662456 bytes
Total data transferred 284 MB
Hello world, I'm rank 34 of 36 total ranks running on <nid006155>
Hello world, I'm rank 21 of 36 total ranks running on <nid005679>
Hello world, I'm rank 22 of 36 total ranks running on <nid005679>
Hello world, I'm rank 15 of 36 total ranks running on <nid005326>
Hello world, I'm rank 31 of 36 total ranks running on <nid006155>
Hello world, I'm rank 30 of 36 total ranks running on <nid006155>
Hello world, I'm rank 33 of 36 total ranks running on <nid006155>
Hello world, I'm rank 3 of 36 total ranks running on <nid004652>
Hello world, I'm rank 18 of 36 total ranks running on <nid005679>
Hello world, I'm rank 20 of 36 total ranks running on <nid005679>
Hello world, I'm rank 4 of 36 total ranks running on <nid004652>
Hello world, I'm rank 27 of 36 total ranks running on <nid006155>
Hello world, I'm rank 35 of 36 total ranks running on <nid006155>
Hello world, I'm rank 29 of 36 total ranks running on <nid006155>
Hello world, I'm rank 1 of 36 total ranks running on <nid004652>
Hello world, I'm rank 12 of 36 total ranks running on <nid005326>
Hello world, I'm rank 2 of 36 total ranks running on <nid004652>
Hello world, I'm rank 23 of 36 total ranks running on <nid005679>
Hello world, I'm rank 8 of 36 total ranks running on <nid004652>
Hello world, I'm rank 6 of 36 total ranks running on <nid004652>
Hello world, I'm rank 32 of 36 total ranks running on <nid006155>
Hello world, I'm rank 19 of 36 total ranks running on <nid005679>
Hello world, I'm rank 5 of 36 total ranks running on <nid004652>
Hello world, I'm rank 24 of 36 total ranks running on <nid005679>
Hello world, I'm rank 25 of 36 total ranks running on <nid005679>
Hello world, I'm rank 7 of 36 total ranks running on <nid004652>
Hello world, I'm rank 28 of 36 total ranks running on <nid006155>
Hello world, I'm rank 26 of 36 total ranks running on <nid005679>
Hello world, I'm rank 10 of 36 total ranks running on <nid005326>
Hello world, I'm rank 16 of 36 total ranks running on <nid005326>
Hello world, I'm rank 11 of 36 total ranks running on <nid005326>
Hello world, I'm rank 17 of 36 total ranks running on <nid005326>
Hello world, I'm rank 14 of 36 total ranks running on <nid005326>
Hello world, I'm rank 9 of 36 total ranks running on <nid005326>
Hello world, I'm rank 13 of 36 total ranks running on <nid005326>
 srun -n 49 ./mpi_2dmesh -i ../data/zebra-gray-int8-4x -x 7112 -y 5146 -g 1  
srun: Job 18246680 step creation temporarily disabled, retrying (Requested nodes are busy)
srun: Step created for StepId=18246680.15
Hello world, I'm rank 0 of 49 total ranks running on <nid004652>


Timing results from rank 0: 
	Scatter time:	34.8921 (ms) 
	Sobel time:	8.0800 (ms) 
	Gather time:	36.6254 (ms) 
	Message Count:	96 
Total data transferred 286812736 bytes
Total data transferred 286 MB
Hello world, I'm rank 26 of 49 total ranks running on <nid005679>
Hello world, I'm rank 44 of 49 total ranks running on <nid006155>
Hello world, I'm rank 15 of 49 total ranks running on <nid005326>
Hello world, I'm rank 20 of 49 total ranks running on <nid005326>
Hello world, I'm rank 27 of 49 total ranks running on <nid005679>
Hello world, I'm rank 3 of 49 total ranks running on <nid004652>
Hello world, I'm rank 29 of 49 total ranks running on <nid005679>
Hello world, I'm rank 36 of 49 total ranks running on <nid005679>
Hello world, I'm rank 28 of 49 total ranks running on <nid005679>
Hello world, I'm rank 33 of 49 total ranks running on <nid005679>
Hello world, I'm rank 25 of 49 total ranks running on <nid005679>
Hello world, I'm rank 34 of 49 total ranks running on <nid005679>
Hello world, I'm rank 17 of 49 total ranks running on <nid005326>
Hello world, I'm rank 35 of 49 total ranks running on <nid005679>
Hello world, I'm rank 45 of 49 total ranks running on <nid006155>
Hello world, I'm rank 30 of 49 total ranks running on <nid005679>
Hello world, I'm rank 40 of 49 total ranks running on <nid006155>
Hello world, I'm rank 2 of 49 total ranks running on <nid004652>
Hello world, I'm rank 31 of 49 total ranks running on <nid005679>
Hello world, I'm rank 42 of 49 total ranks running on <nid006155>
Hello world, I'm rank 8 of 49 total ranks running on <nid004652>
Hello world, I'm rank 48 of 49 total ranks running on <nid006155>
Hello world, I'm rank 12 of 49 total ranks running on <nid004652>
Hello world, I'm rank 5 of 49 total ranks running on <nid004652>
Hello world, I'm rank 9 of 49 total ranks running on <nid004652>
Hello world, I'm rank 10 of 49 total ranks running on <nid004652>
Hello world, I'm rank 11 of 49 total ranks running on <nid004652>
Hello world, I'm rank 32 of 49 total ranks running on <nid005679>
Hello world, I'm rank 4 of 49 total ranks running on <nid004652>
Hello world, I'm rank 1 of 49 total ranks running on <nid004652>
Hello world, I'm rank 7 of 49 total ranks running on <nid004652>
Hello world, I'm rank 14 of 49 total ranks running on <nid005326>
Hello world, I'm rank 6 of 49 total ranks running on <nid004652>
Hello world, I'm rank 38 of 49 total ranks running on <nid006155>
Hello world, I'm rank 47 of 49 total ranks running on <nid006155>
Hello world, I'm rank 46 of 49 total ranks running on <nid006155>
Hello world, I'm rank 41 of 49 total ranks running on <nid006155>
Hello world, I'm rank 43 of 49 total ranks running on <nid006155>
Hello world, I'm rank 18 of 49 total ranks running on <nid005326>
Hello world, I'm rank 39 of 49 total ranks running on <nid006155>
Hello world, I'm rank 24 of 49 total ranks running on <nid005326>
Hello world, I'm rank 37 of 49 total ranks running on <nid006155>
Hello world, I'm rank 19 of 49 total ranks running on <nid005326>
Hello world, I'm rank 21 of 49 total ranks running on <nid005326>
Hello world, I'm rank 13 of 49 total ranks running on <nid005326>
Hello world, I'm rank 22 of 49 total ranks running on <nid005326>
Hello world, I'm rank 16 of 49 total ranks running on <nid005326>
Hello world, I'm rank 23 of 49 total ranks running on <nid005326>
 srun -n 49 ./mpi_2dmesh -i ../data/zebra-gray-int8-4x -x 7112 -y 5146 -g 2  
srun: Job 18246680 step creation temporarily disabled, retrying (Requested nodes are busy)
srun: Step created for StepId=18246680.16
Hello world, I'm rank 0 of 49 total ranks running on <nid004652>


Timing results from rank 0: 
	Scatter time:	62.0965 (ms) 
	Sobel time:	13.5371 (ms) 
	Gather time:	53.0245 (ms) 
	Message Count:	96 
Total data transferred 286817456 bytes
Total data transferred 286 MB
Hello world, I'm rank 43 of 49 total ranks running on <nid006155>
Hello world, I'm rank 35 of 49 total ranks running on <nid005679>
Hello world, I'm rank 1 of 49 total ranks running on <nid004652>
Hello world, I'm rank 4 of 49 total ranks running on <nid004652>
Hello world, I'm rank 32 of 49 total ranks running on <nid005679>
Hello world, I'm rank 33 of 49 total ranks running on <nid005679>
Hello world, I'm rank 28 of 49 total ranks running on <nid005679>
Hello world, I'm rank 25 of 49 total ranks running on <nid005679>
Hello world, I'm rank 38 of 49 total ranks running on <nid006155>
Hello world, I'm rank 40 of 49 total ranks running on <nid006155>
Hello world, I'm rank 18 of 49 total ranks running on <nid005326>
Hello world, I'm rank 23 of 49 total ranks running on <nid005326>
Hello world, I'm rank 27 of 49 total ranks running on <nid005679>
Hello world, I'm rank 11 of 49 total ranks running on <nid004652>
Hello world, I'm rank 48 of 49 total ranks running on <nid006155>
Hello world, I'm rank 36 of 49 total ranks running on <nid005679>
Hello world, I'm rank 5 of 49 total ranks running on <nid004652>
Hello world, I'm rank 46 of 49 total ranks running on <nid006155>
Hello world, I'm rank 37 of 49 total ranks running on <nid006155>
Hello world, I'm rank 12 of 49 total ranks running on <nid004652>
Hello world, I'm rank 8 of 49 total ranks running on <nid004652>
Hello world, I'm rank 10 of 49 total ranks running on <nid004652>
Hello world, I'm rank 30 of 49 total ranks running on <nid005679>
Hello world, I'm rank 34 of 49 total ranks running on <nid005679>
Hello world, I'm rank 9 of 49 total ranks running on <nid004652>
Hello world, I'm rank 31 of 49 total ranks running on <nid005679>
Hello world, I'm rank 2 of 49 total ranks running on <nid004652>
Hello world, I'm rank 6 of 49 total ranks running on <nid004652>
Hello world, I'm rank 39 of 49 total ranks running on <nid006155>
Hello world, I'm rank 44 of 49 total ranks running on <nid006155>
Hello world, I'm rank 29 of 49 total ranks running on <nid005679>
Hello world, I'm rank 3 of 49 total ranks running on <nid004652>
Hello world, I'm rank 26 of 49 total ranks running on <nid005679>
Hello world, I'm rank 41 of 49 total ranks running on <nid006155>
Hello world, I'm rank 45 of 49 total ranks running on <nid006155>
Hello world, I'm rank 47 of 49 total ranks running on <nid006155>
Hello world, I'm rank 42 of 49 total ranks running on <nid006155>
Hello world, I'm rank 22 of 49 total ranks running on <nid005326>
Hello world, I'm rank 19 of 49 total ranks running on <nid005326>
Hello world, I'm rank 13 of 49 total ranks running on <nid005326>
Hello world, I'm rank 7 of 49 total ranks running on <nid004652>
Hello world, I'm rank 17 of 49 total ranks running on <nid005326>
Hello world, I'm rank 14 of 49 total ranks running on <nid005326>
Hello world, I'm rank 20 of 49 total ranks running on <nid005326>
Hello world, I'm rank 16 of 49 total ranks running on <nid005326>
Hello world, I'm rank 21 of 49 total ranks running on <nid005326>
Hello world, I'm rank 24 of 49 total ranks running on <nid005326>
Hello world, I'm rank 15 of 49 total ranks running on <nid005326>
 srun -n 49 ./mpi_2dmesh -i ../data/zebra-gray-int8-4x -x 7112 -y 5146 -g 3  
srun: Job 18246680 step creation temporarily disabled, retrying (Requested nodes are busy)
srun: Step created for StepId=18246680.17
Hello world, I'm rank 0 of 49 total ranks running on <nid004652>


Timing results from rank 0: 
	Scatter time:	62.6492 (ms) 
	Sobel time:	13.5916 (ms) 
	Gather time:	46.8701 (ms) 
	Message Count:	96 
Total data transferred 286812736 bytes
Total data transferred 286 MB
Hello world, I'm rank 39 of 49 total ranks running on <nid006155>
Hello world, I'm rank 26 of 49 total ranks running on <nid005679>
Hello world, I'm rank 19 of 49 total ranks running on <nid005326>
Hello world, I'm rank 30 of 49 total ranks running on <nid005679>
Hello world, I'm rank 40 of 49 total ranks running on <nid006155>
Hello world, I'm rank 5 of 49 total ranks running on <nid004652>
Hello world, I'm rank 41 of 49 total ranks running on <nid006155>
Hello world, I'm rank 42 of 49 total ranks running on <nid006155>
Hello world, I'm rank 37 of 49 total ranks running on <nid006155>
Hello world, I'm rank 1 of 49 total ranks running on <nid004652>
Hello world, I'm rank 11 of 49 total ranks running on <nid004652>
Hello world, I'm rank 8 of 49 total ranks running on <nid004652>
Hello world, I'm rank 47 of 49 total ranks running on <nid006155>
Hello world, I'm rank 4 of 49 total ranks running on <nid004652>
Hello world, I'm rank 12 of 49 total ranks running on <nid004652>
Hello world, I'm rank 27 of 49 total ranks running on <nid005679>
Hello world, I'm rank 48 of 49 total ranks running on <nid006155>
Hello world, I'm rank 7 of 49 total ranks running on <nid004652>
Hello world, I'm rank 21 of 49 total ranks running on <nid005326>
Hello world, I'm rank 46 of 49 total ranks running on <nid006155>
Hello world, I'm rank 2 of 49 total ranks running on <nid004652>
Hello world, I'm rank 9 of 49 total ranks running on <nid004652>
Hello world, I'm rank 25 of 49 total ranks running on <nid005679>
Hello world, I'm rank 3 of 49 total ranks running on <nid004652>
Hello world, I'm rank 28 of 49 total ranks running on <nid005679>
Hello world, I'm rank 10 of 49 total ranks running on <nid004652>
Hello world, I'm rank 29 of 49 total ranks running on <nid005679>
Hello world, I'm rank 6 of 49 total ranks running on <nid004652>
Hello world, I'm rank 34 of 49 total ranks running on <nid005679>
Hello world, I'm rank 45 of 49 total ranks running on <nid006155>
Hello world, I'm rank 43 of 49 total ranks running on <nid006155>
Hello world, I'm rank 35 of 49 total ranks running on <nid005679>
Hello world, I'm rank 33 of 49 total ranks running on <nid005679>
Hello world, I'm rank 38 of 49 total ranks running on <nid006155>
Hello world, I'm rank 31 of 49 total ranks running on <nid005679>
Hello world, I'm rank 32 of 49 total ranks running on <nid005679>
Hello world, I'm rank 44 of 49 total ranks running on <nid006155>
Hello world, I'm rank 36 of 49 total ranks running on <nid005679>
Hello world, I'm rank 24 of 49 total ranks running on <nid005326>
Hello world, I'm rank 16 of 49 total ranks running on <nid005326>
Hello world, I'm rank 20 of 49 total ranks running on <nid005326>
Hello world, I'm rank 17 of 49 total ranks running on <nid005326>
Hello world, I'm rank 15 of 49 total ranks running on <nid005326>
Hello world, I'm rank 22 of 49 total ranks running on <nid005326>
Hello world, I'm rank 23 of 49 total ranks running on <nid005326>
Hello world, I'm rank 18 of 49 total ranks running on <nid005326>
Hello world, I'm rank 14 of 49 total ranks running on <nid005326>
Hello world, I'm rank 13 of 49 total ranks running on <nid005326>
 srun -n 64 ./mpi_2dmesh -i ../data/zebra-gray-int8-4x -x 7112 -y 5146 -g 1  
srun: Job 18246680 step creation temporarily disabled, retrying (Requested nodes are busy)
srun: Step created for StepId=18246680.18
Hello world, I'm rank 0 of 64 total ranks running on <nid004652>


Timing results from rank 0: 
	Scatter time:	35.5464 (ms) 
	Sobel time:	7.9307 (ms) 
	Gather time:	36.4194 (ms) 
	Message Count:	126 
Total data transferred 288235136 bytes
Total data transferred 288 MB
Hello world, I'm rank 37 of 64 total ranks running on <nid005679>
Hello world, I'm rank 39 of 64 total ranks running on <nid005679>
Hello world, I'm rank 24 of 64 total ranks running on <nid005326>
Hello world, I'm rank 16 of 64 total ranks running on <nid005326>
Hello world, I'm rank 53 of 64 total ranks running on <nid006155>
Hello world, I'm rank 63 of 64 total ranks running on <nid006155>
Hello world, I'm rank 56 of 64 total ranks running on <nid006155>
Hello world, I'm rank 44 of 64 total ranks running on <nid005679>
Hello world, I'm rank 21 of 64 total ranks running on <nid005326>
Hello world, I'm rank 38 of 64 total ranks running on <nid005679>
Hello world, I'm rank 49 of 64 total ranks running on <nid006155>
Hello world, I'm rank 28 of 64 total ranks running on <nid005326>
Hello world, I'm rank 47 of 64 total ranks running on <nid005679>
Hello world, I'm rank 1 of 64 total ranks running on <nid004652>
Hello world, I'm rank 9 of 64 total ranks running on <nid004652>
Hello world, I'm rank 6 of 64 total ranks running on <nid004652>
Hello world, I'm rank 4 of 64 total ranks running on <nid004652>
Hello world, I'm rank 58 of 64 total ranks running on <nid006155>
Hello world, I'm rank 41 of 64 total ranks running on <nid005679>
Hello world, I'm rank 51 of 64 total ranks running on <nid006155>
Hello world, I'm rank 3 of 64 total ranks running on <nid004652>
Hello world, I'm rank 42 of 64 total ranks running on <nid005679>
Hello world, I'm rank 40 of 64 total ranks running on <nid005679>
Hello world, I'm rank 46 of 64 total ranks running on <nid005679>
Hello world, I'm rank 33 of 64 total ranks running on <nid005679>
Hello world, I'm rank 8 of 64 total ranks running on <nid004652>
Hello world, I'm rank 35 of 64 total ranks running on <nid005679>
Hello world, I'm rank 14 of 64 total ranks running on <nid004652>
Hello world, I'm rank 62 of 64 total ranks running on <nid006155>
Hello world, I'm rank 60 of 64 total ranks running on <nid006155>
Hello world, I'm rank 36 of 64 total ranks running on <nid005679>
Hello world, I'm rank 32 of 64 total ranks running on <nid005679>
Hello world, I'm rank 10 of 64 total ranks running on <nid004652>
Hello world, I'm rank 45 of 64 total ranks running on <nid005679>
Hello world, I'm rank 12 of 64 total ranks running on <nid004652>
Hello world, I'm rank 43 of 64 total ranks running on <nid005679>
Hello world, I'm rank 61 of 64 total ranks running on <nid006155>
Hello world, I'm rank 11 of 64 total ranks running on <nid004652>
Hello world, I'm rank 5 of 64 total ranks running on <nid004652>
Hello world, I'm rank 52 of 64 total ranks running on <nid006155>
Hello world, I'm rank 34 of 64 total ranks running on <nid005679>
Hello world, I'm rank 31 of 64 total ranks running on <nid005326>
Hello world, I'm rank 13 of 64 total ranks running on <nid004652>
Hello world, I'm rank 29 of 64 total ranks running on <nid005326>
Hello world, I'm rank 2 of 64 total ranks running on <nid004652>
Hello world, I'm rank 7 of 64 total ranks running on <nid004652>
Hello world, I'm rank 50 of 64 total ranks running on <nid006155>
Hello world, I'm rank 22 of 64 total ranks running on <nid005326>
Hello world, I'm rank 59 of 64 total ranks running on <nid006155>
Hello world, I'm rank 48 of 64 total ranks running on <nid006155>
Hello world, I'm rank 23 of 64 total ranks running on <nid005326>
Hello world, I'm rank 54 of 64 total ranks running on <nid006155>
Hello world, I'm rank 55 of 64 total ranks running on <nid006155>
Hello world, I'm rank 15 of 64 total ranks running on <nid004652>
Hello world, I'm rank 27 of 64 total ranks running on <nid005326>
Hello world, I'm rank 57 of 64 total ranks running on <nid006155>
Hello world, I'm rank 19 of 64 total ranks running on <nid005326>
Hello world, I'm rank 30 of 64 total ranks running on <nid005326>
Hello world, I'm rank 26 of 64 total ranks running on <nid005326>
Hello world, I'm rank 17 of 64 total ranks running on <nid005326>
Hello world, I'm rank 20 of 64 total ranks running on <nid005326>
Hello world, I'm rank 25 of 64 total ranks running on <nid005326>
Hello world, I'm rank 18 of 64 total ranks running on <nid005326>
 srun -n 64 ./mpi_2dmesh -i ../data/zebra-gray-int8-4x -x 7112 -y 5146 -g 2  
srun: Job 18246680 step creation temporarily disabled, retrying (Requested nodes are busy)
srun: Step created for StepId=18246680.19
Hello world, I'm rank 0 of 64 total ranks running on <nid004652>


Timing results from rank 0: 
	Scatter time:	57.6736 (ms) 
	Sobel time:	6.5051 (ms) 
	Gather time:	50.5315 (ms) 
	Message Count:	126 
Total data transferred 288217168 bytes
Total data transferred 288 MB
Hello world, I'm rank 36 of 64 total ranks running on <nid005679>
Hello world, I'm rank 38 of 64 total ranks running on <nid005679>
Hello world, I'm rank 51 of 64 total ranks running on <nid006155>
Hello world, I'm rank 60 of 64 total ranks running on <nid006155>
Hello world, I'm rank 19 of 64 total ranks running on <nid005326>
Hello world, I'm rank 25 of 64 total ranks running on <nid005326>
Hello world, I'm rank 29 of 64 total ranks running on <nid005326>
Hello world, I'm rank 14 of 64 total ranks running on <nid004652>
Hello world, I'm rank 10 of 64 total ranks running on <nid004652>
Hello world, I'm rank 3 of 64 total ranks running on <nid004652>
Hello world, I'm rank 34 of 64 total ranks running on <nid005679>
Hello world, I'm rank 4 of 64 total ranks running on <nid004652>
Hello world, I'm rank 40 of 64 total ranks running on <nid005679>
Hello world, I'm rank 37 of 64 total ranks running on <nid005679>
Hello world, I'm rank 5 of 64 total ranks running on <nid004652>
Hello world, I'm rank 2 of 64 total ranks running on <nid004652>
Hello world, I'm rank 50 of 64 total ranks running on <nid006155>
Hello world, I'm rank 43 of 64 total ranks running on <nid005679>
Hello world, I'm rank 45 of 64 total ranks running on <nid005679>
Hello world, I'm rank 39 of 64 total ranks running on <nid005679>
Hello world, I'm rank 46 of 64 total ranks running on <nid005679>
Hello world, I'm rank 56 of 64 total ranks running on <nid006155>
Hello world, I'm rank 41 of 64 total ranks running on <nid005679>
Hello world, I'm rank 33 of 64 total ranks running on <nid005679>
Hello world, I'm rank 42 of 64 total ranks running on <nid005679>
Hello world, I'm rank 55 of 64 total ranks running on <nid006155>
Hello world, I'm rank 32 of 64 total ranks running on <nid005679>
Hello world, I'm rank 63 of 64 total ranks running on <nid006155>
Hello world, I'm rank 31 of 64 total ranks running on <nid005326>
Hello world, I'm rank 54 of 64 total ranks running on <nid006155>
Hello world, I'm rank 62 of 64 total ranks running on <nid006155>
Hello world, I'm rank 52 of 64 total ranks running on <nid006155>
Hello world, I'm rank 35 of 64 total ranks running on <nid005679>
Hello world, I'm rank 57 of 64 total ranks running on <nid006155>
Hello world, I'm rank 44 of 64 total ranks running on <nid005679>
Hello world, I'm rank 26 of 64 total ranks running on <nid005326>
Hello world, I'm rank 8 of 64 total ranks running on <nid004652>
Hello world, I'm rank 24 of 64 total ranks running on <nid005326>
Hello world, I'm rank 49 of 64 total ranks running on <nid006155>
Hello world, I'm rank 53 of 64 total ranks running on <nid006155>
Hello world, I'm rank 47 of 64 total ranks running on <nid005679>
Hello world, I'm rank 48 of 64 total ranks running on <nid006155>
Hello world, I'm rank 59 of 64 total ranks running on <nid006155>
Hello world, I'm rank 61 of 64 total ranks running on <nid006155>
Hello world, I'm rank 58 of 64 total ranks running on <nid006155>
Hello world, I'm rank 9 of 64 total ranks running on <nid004652>
Hello world, I'm rank 1 of 64 total ranks running on <nid004652>
Hello world, I'm rank 16 of 64 total ranks running on <nid005326>
Hello world, I'm rank 7 of 64 total ranks running on <nid004652>
Hello world, I'm rank 12 of 64 total ranks running on <nid004652>
Hello world, I'm rank 18 of 64 total ranks running on <nid005326>
Hello world, I'm rank 13 of 64 total ranks running on <nid004652>
Hello world, I'm rank 22 of 64 total ranks running on <nid005326>
Hello world, I'm rank 11 of 64 total ranks running on <nid004652>
Hello world, I'm rank 15 of 64 total ranks running on <nid004652>
Hello world, I'm rank 17 of 64 total ranks running on <nid005326>
Hello world, I'm rank 6 of 64 total ranks running on <nid004652>
Hello world, I'm rank 20 of 64 total ranks running on <nid005326>
Hello world, I'm rank 27 of 64 total ranks running on <nid005326>
Hello world, I'm rank 30 of 64 total ranks running on <nid005326>
Hello world, I'm rank 21 of 64 total ranks running on <nid005326>
Hello world, I'm rank 28 of 64 total ranks running on <nid005326>
Hello world, I'm rank 23 of 64 total ranks running on <nid005326>
 srun -n 64 ./mpi_2dmesh -i ../data/zebra-gray-int8-4x -x 7112 -y 5146 -g 3  
srun: Job 18246680 step creation temporarily disabled, retrying (Requested nodes are busy)
srun: Step created for StepId=18246680.20
Hello world, I'm rank 0 of 64 total ranks running on <nid004652>


Timing results from rank 0: 
	Scatter time:	58.5365 (ms) 
	Sobel time:	6.6581 (ms) 
	Gather time:	48.5710 (ms) 
	Message Count:	126 
Total data transferred 288213800 bytes
Total data transferred 288 MB
Hello world, I'm rank 61 of 64 total ranks running on <nid006155>
Hello world, I'm rank 23 of 64 total ranks running on <nid005326>
Hello world, I'm rank 37 of 64 total ranks running on <nid005679>
Hello world, I'm rank 39 of 64 total ranks running on <nid005679>
Hello world, I'm rank 51 of 64 total ranks running on <nid006155>
Hello world, I'm rank 42 of 64 total ranks running on <nid005679>
Hello world, I'm rank 59 of 64 total ranks running on <nid006155>
Hello world, I'm rank 55 of 64 total ranks running on <nid006155>
Hello world, I'm rank 15 of 64 total ranks running on <nid004652>
Hello world, I'm rank 41 of 64 total ranks running on <nid005679>
Hello world, I'm rank 62 of 64 total ranks running on <nid006155>
Hello world, I'm rank 5 of 64 total ranks running on <nid004652>
Hello world, I'm rank 1 of 64 total ranks running on <nid004652>
Hello world, I'm rank 3 of 64 total ranks running on <nid004652>
Hello world, I'm rank 12 of 64 total ranks running on <nid004652>
Hello world, I'm rank 7 of 64 total ranks running on <nid004652>
Hello world, I'm rank 26 of 64 total ranks running on <nid005326>
Hello world, I'm rank 14 of 64 total ranks running on <nid004652>
Hello world, I'm rank 10 of 64 total ranks running on <nid004652>
Hello world, I'm rank 2 of 64 total ranks running on <nid004652>
Hello world, I'm rank 35 of 64 total ranks running on <nid005679>
Hello world, I'm rank 47 of 64 total ranks running on <nid005679>
Hello world, I'm rank 32 of 64 total ranks running on <nid005679>
Hello world, I'm rank 63 of 64 total ranks running on <nid006155>
Hello world, I'm rank 36 of 64 total ranks running on <nid005679>
Hello world, I'm rank 46 of 64 total ranks running on <nid005679>
Hello world, I'm rank 54 of 64 total ranks running on <nid006155>
Hello world, I'm rank 11 of 64 total ranks running on <nid004652>
Hello world, I'm rank 16 of 64 total ranks running on <nid005326>
Hello world, I'm rank 9 of 64 total ranks running on <nid004652>
Hello world, I'm rank 33 of 64 total ranks running on <nid005679>
Hello world, I'm rank 49 of 64 total ranks running on <nid006155>
Hello world, I'm rank 6 of 64 total ranks running on <nid004652>
Hello world, I'm rank 13 of 64 total ranks running on <nid004652>
Hello world, I'm rank 44 of 64 total ranks running on <nid005679>
Hello world, I'm rank 8 of 64 total ranks running on <nid004652>
Hello world, I'm rank 50 of 64 total ranks running on <nid006155>
Hello world, I'm rank 38 of 64 total ranks running on <nid005679>
Hello world, I'm rank 45 of 64 total ranks running on <nid005679>
Hello world, I'm rank 40 of 64 total ranks running on <nid005679>
Hello world, I'm rank 34 of 64 total ranks running on <nid005679>
Hello world, I'm rank 4 of 64 total ranks running on <nid004652>
Hello world, I'm rank 53 of 64 total ranks running on <nid006155>
Hello world, I'm rank 43 of 64 total ranks running on <nid005679>
Hello world, I'm rank 58 of 64 total ranks running on <nid006155>
Hello world, I'm rank 52 of 64 total ranks running on <nid006155>
Hello world, I'm rank 48 of 64 total ranks running on <nid006155>
Hello world, I'm rank 30 of 64 total ranks running on <nid005326>
Hello world, I'm rank 57 of 64 total ranks running on <nid006155>
Hello world, I'm rank 56 of 64 total ranks running on <nid006155>
Hello world, I'm rank 18 of 64 total ranks running on <nid005326>
Hello world, I'm rank 60 of 64 total ranks running on <nid006155>
Hello world, I'm rank 21 of 64 total ranks running on <nid005326>
Hello world, I'm rank 17 of 64 total ranks running on <nid005326>
Hello world, I'm rank 19 of 64 total ranks running on <nid005326>
Hello world, I'm rank 24 of 64 total ranks running on <nid005326>
Hello world, I'm rank 28 of 64 total ranks running on <nid005326>
Hello world, I'm rank 31 of 64 total ranks running on <nid005326>
Hello world, I'm rank 25 of 64 total ranks running on <nid005326>
Hello world, I'm rank 29 of 64 total ranks running on <nid005326>
Hello world, I'm rank 22 of 64 total ranks running on <nid005326>
Hello world, I'm rank 27 of 64 total ranks running on <nid005326>
Hello world, I'm rank 20 of 64 total ranks running on <nid005326>
 srun -n 81 ./mpi_2dmesh -i ../data/zebra-gray-int8-4x -x 7112 -y 5146 -g 1  
srun: Job 18246680 step creation temporarily disabled, retrying (Requested nodes are busy)
srun: Step created for StepId=18246680.21
Hello world, I'm rank 0 of 81 total ranks running on <nid004652>


Timing results from rank 0: 
	Scatter time:	37.7389 (ms) 
	Sobel time:	7.9531 (ms) 
	Gather time:	38.1777 (ms) 
	Message Count:	160 
Total data transferred 289202368 bytes
Total data transferred 289 MB
Hello world, I'm rank 63 of 81 total ranks running on <nid006155>
Hello world, I'm rank 44 of 81 total ranks running on <nid005679>
Hello world, I'm rank 52 of 81 total ranks running on <nid005679>
Hello world, I'm rank 58 of 81 total ranks running on <nid005679>
Hello world, I'm rank 32 of 81 total ranks running on <nid005326>
Hello world, I'm rank 42 of 81 total ranks running on <nid005679>
Hello world, I'm rank 25 of 81 total ranks running on <nid005326>
Hello world, I'm rank 33 of 81 total ranks running on <nid005326>
Hello world, I'm rank 78 of 81 total ranks running on <nid006155>
Hello world, I'm rank 39 of 81 total ranks running on <nid005326>
Hello world, I'm rank 26 of 81 total ranks running on <nid005326>
Hello world, I'm rank 1 of 81 total ranks running on <nid004652>
Hello world, I'm rank 41 of 81 total ranks running on <nid005679>
Hello world, I'm rank 61 of 81 total ranks running on <nid006155>
Hello world, I'm rank 45 of 81 total ranks running on <nid005679>
Hello world, I'm rank 48 of 81 total ranks running on <nid005679>
Hello world, I'm rank 16 of 81 total ranks running on <nid004652>
Hello world, I'm rank 20 of 81 total ranks running on <nid004652>
Hello world, I'm rank 67 of 81 total ranks running on <nid006155>
Hello world, I'm rank 9 of 81 total ranks running on <nid004652>
Hello world, I'm rank 43 of 81 total ranks running on <nid005679>
Hello world, I'm rank 77 of 81 total ranks running on <nid006155>
Hello world, I'm rank 6 of 81 total ranks running on <nid004652>
Hello world, I'm rank 64 of 81 total ranks running on <nid006155>
Hello world, I'm rank 19 of 81 total ranks running on <nid004652>
Hello world, I'm rank 14 of 81 total ranks running on <nid004652>
Hello world, I'm rank 17 of 81 total ranks running on <nid004652>
Hello world, I'm rank 76 of 81 total ranks running on <nid006155>
Hello world, I'm rank 68 of 81 total ranks running on <nid006155>
Hello world, I'm rank 12 of 81 total ranks running on <nid004652>
Hello world, I'm rank 79 of 81 total ranks running on <nid006155>
Hello world, I'm rank 69 of 81 total ranks running on <nid006155>
Hello world, I'm rank 70 of 81 total ranks running on <nid006155>
Hello world, I'm rank 49 of 81 total ranks running on <nid005679>
Hello world, I'm rank 80 of 81 total ranks running on <nid006155>
Hello world, I'm rank 15 of 81 total ranks running on <nid004652>
Hello world, I'm rank 74 of 81 total ranks running on <nid006155>
Hello world, I'm rank 13 of 81 total ranks running on <nid004652>
Hello world, I'm rank 3 of 81 total ranks running on <nid004652>
Hello world, I'm rank 57 of 81 total ranks running on <nid005679>
Hello world, I'm rank 59 of 81 total ranks running on <nid005679>
Hello world, I'm rank 4 of 81 total ranks running on <nid004652>
Hello world, I'm rank 5 of 81 total ranks running on <nid004652>
Hello world, I'm rank 55 of 81 total ranks running on <nid005679>
Hello world, I'm rank 60 of 81 total ranks running on <nid005679>
Hello world, I'm rank 11 of 81 total ranks running on <nid004652>
Hello world, I'm rank 46 of 81 total ranks running on <nid005679>
Hello world, I'm rank 56 of 81 total ranks running on <nid005679>
Hello world, I'm rank 54 of 81 total ranks running on <nid005679>
Hello world, I'm rank 47 of 81 total ranks running on <nid005679>
Hello world, I'm rank 51 of 81 total ranks running on <nid005679>
Hello world, I'm rank 53 of 81 total ranks running on <nid005679>
Hello world, I'm rank 7 of 81 total ranks running on <nid004652>
Hello world, I'm rank 2 of 81 total ranks running on <nid004652>
Hello world, I'm rank 62 of 81 total ranks running on <nid006155>
Hello world, I'm rank 50 of 81 total ranks running on <nid005679>
Hello world, I'm rank 66 of 81 total ranks running on <nid006155>
Hello world, I'm rank 18 of 81 total ranks running on <nid004652>
Hello world, I'm rank 71 of 81 total ranks running on <nid006155>
Hello world, I'm rank 73 of 81 total ranks running on <nid006155>
Hello world, I'm rank 75 of 81 total ranks running on <nid006155>
Hello world, I'm rank 72 of 81 total ranks running on <nid006155>
Hello world, I'm rank 8 of 81 total ranks running on <nid004652>
Hello world, I'm rank 34 of 81 total ranks running on <nid005326>
Hello world, I'm rank 21 of 81 total ranks running on <nid005326>
Hello world, I'm rank 65 of 81 total ranks running on <nid006155>
Hello world, I'm rank 10 of 81 total ranks running on <nid004652>
Hello world, I'm rank 40 of 81 total ranks running on <nid005326>
Hello world, I'm rank 27 of 81 total ranks running on <nid005326>
Hello world, I'm rank 37 of 81 total ranks running on <nid005326>
Hello world, I'm rank 29 of 81 total ranks running on <nid005326>
Hello world, I'm rank 23 of 81 total ranks running on <nid005326>
Hello world, I'm rank 31 of 81 total ranks running on <nid005326>
Hello world, I'm rank 35 of 81 total ranks running on <nid005326>
Hello world, I'm rank 24 of 81 total ranks running on <nid005326>
Hello world, I'm rank 38 of 81 total ranks running on <nid005326>
Hello world, I'm rank 36 of 81 total ranks running on <nid005326>
Hello world, I'm rank 22 of 81 total ranks running on <nid005326>
Hello world, I'm rank 30 of 81 total ranks running on <nid005326>
Hello world, I'm rank 28 of 81 total ranks running on <nid005326>
 srun -n 81 ./mpi_2dmesh -i ../data/zebra-gray-int8-4x -x 7112 -y 5146 -g 2  
srun: Job 18246680 step creation temporarily disabled, retrying (Requested nodes are busy)
srun: Step created for StepId=18246680.22
Hello world, I'm rank 0 of 81 total ranks running on <nid004652>


Timing results from rank 0: 
	Scatter time:	63.2835 (ms) 
	Sobel time:	8.2918 (ms) 
	Gather time:	54.1800 (ms) 
	Message Count:	160 
Total data transferred 289205200 bytes
Total data transferred 289 MB
Hello world, I'm rank 44 of 81 total ranks running on <nid005679>
Hello world, I'm rank 53 of 81 total ranks running on <nid005679>
Hello world, I'm rank 8 of 81 total ranks running on <nid004652>
Hello world, I'm rank 66 of 81 total ranks running on <nid006155>
Hello world, I'm rank 7 of 81 total ranks running on <nid004652>
Hello world, I'm rank 64 of 81 total ranks running on <nid006155>
Hello world, I'm rank 28 of 81 total ranks running on <nid005326>
Hello world, I'm rank 45 of 81 total ranks running on <nid005679>
Hello world, I'm rank 67 of 81 total ranks running on <nid006155>
Hello world, I'm rank 37 of 81 total ranks running on <nid005326>
Hello world, I'm rank 76 of 81 total ranks running on <nid006155>
Hello world, I'm rank 10 of 81 total ranks running on <nid004652>
Hello world, I'm rank 75 of 81 total ranks running on <nid006155>
Hello world, I'm rank 35 of 81 total ranks running on <nid005326>
Hello world, I'm rank 17 of 81 total ranks running on <nid004652>
Hello world, I'm rank 65 of 81 total ranks running on <nid006155>
Hello world, I'm rank 26 of 81 total ranks running on <nid005326>
Hello world, I'm rank 59 of 81 total ranks running on <nid005679>
Hello world, I'm rank 36 of 81 total ranks running on <nid005326>
Hello world, I'm rank 2 of 81 total ranks running on <nid004652>
Hello world, I'm rank 13 of 81 total ranks running on <nid004652>
Hello world, I'm rank 4 of 81 total ranks running on <nid004652>
Hello world, I'm rank 69 of 81 total ranks running on <nid006155>
Hello world, I'm rank 71 of 81 total ranks running on <nid006155>
Hello world, I'm rank 34 of 81 total ranks running on <nid005326>
Hello world, I'm rank 19 of 81 total ranks running on <nid004652>
Hello world, I'm rank 72 of 81 total ranks running on <nid006155>
Hello world, I'm rank 60 of 81 total ranks running on <nid005679>
Hello world, I'm rank 11 of 81 total ranks running on <nid004652>
Hello world, I'm rank 57 of 81 total ranks running on <nid005679>
Hello world, I'm rank 43 of 81 total ranks running on <nid005679>
Hello world, I'm rank 52 of 81 total ranks running on <nid005679>
Hello world, I'm rank 56 of 81 total ranks running on <nid005679>
Hello world, I'm rank 51 of 81 total ranks running on <nid005679>
Hello world, I'm rank 41 of 81 total ranks running on <nid005679>
Hello world, I'm rank 70 of 81 total ranks running on <nid006155>
Hello world, I'm rank 9 of 81 total ranks running on <nid004652>
Hello world, I'm rank 20 of 81 total ranks running on <nid004652>
Hello world, I'm rank 77 of 81 total ranks running on <nid006155>
Hello world, I'm rank 16 of 81 total ranks running on <nid004652>
Hello world, I'm rank 61 of 81 total ranks running on <nid006155>
Hello world, I'm rank 31 of 81 total ranks running on <nid005326>
Hello world, I'm rank 68 of 81 total ranks running on <nid006155>
Hello world, I'm rank 42 of 81 total ranks running on <nid005679>
Hello world, I'm rank 73 of 81 total ranks running on <nid006155>
Hello world, I'm rank 33 of 81 total ranks running on <nid005326>
Hello world, I'm rank 63 of 81 total ranks running on <nid006155>
Hello world, I'm rank 62 of 81 total ranks running on <nid006155>
Hello world, I'm rank 47 of 81 total ranks running on <nid005679>
Hello world, I'm rank 79 of 81 total ranks running on <nid006155>
Hello world, I'm rank 54 of 81 total ranks running on <nid005679>
Hello world, I'm rank 3 of 81 total ranks running on <nid004652>
Hello world, I'm rank 49 of 81 total ranks running on <nid005679>
Hello world, I'm rank 55 of 81 total ranks running on <nid005679>
Hello world, I'm rank 78 of 81 total ranks running on <nid006155>
Hello world, I'm rank 46 of 81 total ranks running on <nid005679>
Hello world, I'm rank 80 of 81 total ranks running on <nid006155>
Hello world, I'm rank 6 of 81 total ranks running on <nid004652>
Hello world, I'm rank 14 of 81 total ranks running on <nid004652>
Hello world, I'm rank 48 of 81 total ranks running on <nid005679>
Hello world, I'm rank 50 of 81 total ranks running on <nid005679>
Hello world, I'm rank 21 of 81 total ranks running on <nid005326>
Hello world, I'm rank 58 of 81 total ranks running on <nid005679>
Hello world, I'm rank 12 of 81 total ranks running on <nid004652>
Hello world, I'm rank 74 of 81 total ranks running on <nid006155>
Hello world, I'm rank 5 of 81 total ranks running on <nid004652>
Hello world, I'm rank 1 of 81 total ranks running on <nid004652>
Hello world, I'm rank 18 of 81 total ranks running on <nid004652>
Hello world, I'm rank 38 of 81 total ranks running on <nid005326>
Hello world, I'm rank 22 of 81 total ranks running on <nid005326>
Hello world, I'm rank 30 of 81 total ranks running on <nid005326>
Hello world, I'm rank 40 of 81 total ranks running on <nid005326>
Hello world, I'm rank 24 of 81 total ranks running on <nid005326>
Hello world, I'm rank 23 of 81 total ranks running on <nid005326>
Hello world, I'm rank 39 of 81 total ranks running on <nid005326>
Hello world, I'm rank 32 of 81 total ranks running on <nid005326>
Hello world, I'm rank 15 of 81 total ranks running on <nid004652>
Hello world, I'm rank 29 of 81 total ranks running on <nid005326>
Hello world, I'm rank 25 of 81 total ranks running on <nid005326>
Hello world, I'm rank 27 of 81 total ranks running on <nid005326>
 srun -n 81 ./mpi_2dmesh -i ../data/zebra-gray-int8-4x -x 7112 -y 5146 -g 3  
srun: Job 18246680 step creation temporarily disabled, retrying (Requested nodes are busy)
srun: Step created for StepId=18246680.23
Hello world, I'm rank 0 of 81 total ranks running on <nid004652>


Timing results from rank 0: 
	Scatter time:	58.7915 (ms) 
	Sobel time:	4.9095 (ms) 
	Gather time:	49.3033 (ms) 
	Message Count:	160 
Total data transferred 289178096 bytes
Total data transferred 289 MB
Hello world, I'm rank 27 of 81 total ranks running on <nid005326>
Hello world, I'm rank 50 of 81 total ranks running on <nid005679>
Hello world, I'm rank 33 of 81 total ranks running on <nid005326>
Hello world, I'm rank 80 of 81 total ranks running on <nid006155>
Hello world, I'm rank 64 of 81 total ranks running on <nid006155>
Hello world, I'm rank 74 of 81 total ranks running on <nid006155>
Hello world, I'm rank 44 of 81 total ranks running on <nid005679>
Hello world, I'm rank 19 of 81 total ranks running on <nid004652>
Hello world, I'm rank 59 of 81 total ranks running on <nid005679>
Hello world, I'm rank 76 of 81 total ranks running on <nid006155>
Hello world, I'm rank 53 of 81 total ranks running on <nid005679>
Hello world, I'm rank 11 of 81 total ranks running on <nid004652>
Hello world, I'm rank 43 of 81 total ranks running on <nid005679>
Hello world, I'm rank 47 of 81 total ranks running on <nid005679>
Hello world, I'm rank 10 of 81 total ranks running on <nid004652>
Hello world, I'm rank 22 of 81 total ranks running on <nid005326>
Hello world, I'm rank 12 of 81 total ranks running on <nid004652>
Hello world, I'm rank 63 of 81 total ranks running on <nid006155>
Hello world, I'm rank 18 of 81 total ranks running on <nid004652>
Hello world, I'm rank 28 of 81 total ranks running on <nid005326>
Hello world, I'm rank 73 of 81 total ranks running on <nid006155>
Hello world, I'm rank 49 of 81 total ranks running on <nid005679>
Hello world, I'm rank 15 of 81 total ranks running on <nid004652>
Hello world, I'm rank 62 of 81 total ranks running on <nid006155>
Hello world, I'm rank 9 of 81 total ranks running on <nid004652>
Hello world, I'm rank 77 of 81 total ranks running on <nid006155>
Hello world, I'm rank 38 of 81 total ranks running on <nid005326>
Hello world, I'm rank 20 of 81 total ranks running on <nid004652>
Hello world, I'm rank 36 of 81 total ranks running on <nid005326>
Hello world, I'm rank 78 of 81 total ranks running on <nid006155>
Hello world, I'm rank 56 of 81 total ranks running on <nid005679>
Hello world, I'm rank 7 of 81 total ranks running on <nid004652>
Hello world, I'm rank 52 of 81 total ranks running on <nid005679>
Hello world, I'm rank 66 of 81 total ranks running on <nid006155>
Hello world, I'm rank 68 of 81 total ranks running on <nid006155>
Hello world, I'm rank 41 of 81 total ranks running on <nid005679>
Hello world, I'm rank 6 of 81 total ranks running on <nid004652>
Hello world, I'm rank 31 of 81 total ranks running on <nid005326>
Hello world, I'm rank 55 of 81 total ranks running on <nid005679>
Hello world, I'm rank 23 of 81 total ranks running on <nid005326>
Hello world, I'm rank 61 of 81 total ranks running on <nid006155>
Hello world, I'm rank 51 of 81 total ranks running on <nid005679>
Hello world, I'm rank 30 of 81 total ranks running on <nid005326>
Hello world, I'm rank 45 of 81 total ranks running on <nid005679>
Hello world, I'm rank 4 of 81 total ranks running on <nid004652>
Hello world, I'm rank 75 of 81 total ranks running on <nid006155>
Hello world, I'm rank 24 of 81 total ranks running on <nid005326>
Hello world, I'm rank 65 of 81 total ranks running on <nid006155>
Hello world, I'm rank 71 of 81 total ranks running on <nid006155>
Hello world, I'm rank 13 of 81 total ranks running on <nid004652>
Hello world, I'm rank 35 of 81 total ranks running on <nid005326>
Hello world, I'm rank 26 of 81 total ranks running on <nid005326>
Hello world, I'm rank 39 of 81 total ranks running on <nid005326>
Hello world, I'm rank 40 of 81 total ranks running on <nid005326>
Hello world, I'm rank 25 of 81 total ranks running on <nid005326>
Hello world, I'm rank 29 of 81 total ranks running on <nid005326>
Hello world, I'm rank 3 of 81 total ranks running on <nid004652>
Hello world, I'm rank 17 of 81 total ranks running on <nid004652>
Hello world, I'm rank 54 of 81 total ranks running on <nid005679>
Hello world, I'm rank 60 of 81 total ranks running on <nid005679>
Hello world, I'm rank 57 of 81 total ranks running on <nid005679>
Hello world, I'm rank 21 of 81 total ranks running on <nid005326>
Hello world, I'm rank 42 of 81 total ranks running on <nid005679>
Hello world, I'm rank 48 of 81 total ranks running on <nid005679>
Hello world, I'm rank 34 of 81 total ranks running on <nid005326>
Hello world, I'm rank 79 of 81 total ranks running on <nid006155>
Hello world, I'm rank 58 of 81 total ranks running on <nid005679>
Hello world, I'm rank 16 of 81 total ranks running on <nid004652>
Hello world, I'm rank 32 of 81 total ranks running on <nid005326>
Hello world, I'm rank 69 of 81 total ranks running on <nid006155>
Hello world, I'm rank 70 of 81 total ranks running on <nid006155>
Hello world, I'm rank 2 of 81 total ranks running on <nid004652>
Hello world, I'm rank 72 of 81 total ranks running on <nid006155>
Hello world, I'm rank 8 of 81 total ranks running on <nid004652>
Hello world, I'm rank 37 of 81 total ranks running on <nid005326>
Hello world, I'm rank 46 of 81 total ranks running on <nid005679>
Hello world, I'm rank 67 of 81 total ranks running on <nid006155>
Hello world, I'm rank 5 of 81 total ranks running on <nid004652>
Hello world, I'm rank 1 of 81 total ranks running on <nid004652>
Hello world, I'm rank 14 of 81 total ranks running on <nid004652>
