 srun -n 4 ./mpi_2dmesh -i ../data/zebra-gray-int8-4x -x 7112 -y 5146 -g 1  
Hello world, I'm rank 3 of 4 total ranks running on <nid006829>
Hello world, I'm rank 1 of 4 total ranks running on <nid005885>
Hello world, I'm rank 2 of 4 total ranks running on <nid006612>
Hello world, I'm rank 0 of 4 total ranks running on <nid005805>


Timing results from rank 0: 
	Scatter time:	18.7335 (ms) 
	Sobel time:	42.7967 (ms) 
	Gather time:	9.4117 (ms) 
	Message Count:	6 
	Data Movement:	219.7608 
 srun -n 4 ./mpi_2dmesh -i ../data/zebra-gray-int8-4x -x 7112 -y 5146 -g 2  
srun: Job 18236339 step creation temporarily disabled, retrying (Requested nodes are busy)
srun: Step created for StepId=18236339.1
Hello world, I'm rank 3 of 4 total ranks running on <nid006829>
Hello world, I'm rank 2 of 4 total ranks running on <nid006612>
Hello world, I'm rank 1 of 4 total ranks running on <nid005885>
Hello world, I'm rank 0 of 4 total ranks running on <nid005805>


Timing results from rank 0: 
	Scatter time:	40.0397 (ms) 
	Sobel time:	42.5021 (ms) 
	Gather time:	35.7551 (ms) 
	Message Count:	6 
	Data Movement:	219.7136 
 srun -n 4 ./mpi_2dmesh -i ../data/zebra-gray-int8-4x -x 7112 -y 5146 -g 3  
srun: Job 18236339 step creation temporarily disabled, retrying (Requested nodes are busy)
srun: Step created for StepId=18236339.2
Hello world, I'm rank 3 of 4 total ranks running on <nid006829>
Hello world, I'm rank 1 of 4 total ranks running on <nid005885>
Hello world, I'm rank 0 of 4 total ranks running on <nid005805>


Timing results from rank 0: 
	Scatter time:	35.2693 (ms) 
	Sobel time:	42.2558 (ms) 
	Gather time:	31.6686 (ms) 
	Message Count:	6 
	Data Movement:	219.6637 
Hello world, I'm rank 2 of 4 total ranks running on <nid006612>
 srun -n 9 ./mpi_2dmesh -i ../data/zebra-gray-int8-4x -x 7112 -y 5146 -g 1  
Hello world, I'm rank 8 of 9 total ranks running on <nid006829>
Hello world, I'm rank 4 of 9 total ranks running on <nid005885>
Hello world, I'm rank 5 of 9 total ranks running on <nid006612>
Hello world, I'm rank 7 of 9 total ranks running on <nid006829>
Hello world, I'm rank 3 of 9 total ranks running on <nid005885>
Hello world, I'm rank 6 of 9 total ranks running on <nid006612>
Hello world, I'm rank 1 of 9 total ranks running on <nid005805>
Hello world, I'm rank 2 of 9 total ranks running on <nid005805>
Hello world, I'm rank 0 of 9 total ranks running on <nid005805>


Timing results from rank 0: 
	Scatter time:	31.6831 (ms) 
	Sobel time:	19.2122 (ms) 
	Gather time:	30.8673 (ms) 
	Message Count:	16 
	Data Movement:	260.7259 
 srun -n 9 ./mpi_2dmesh -i ../data/zebra-gray-int8-4x -x 7112 -y 5146 -g 2  
srun: Job 18236339 step creation temporarily disabled, retrying (Requested nodes are busy)
srun: Step created for StepId=18236339.4
Hello world, I'm rank 8 of 9 total ranks running on <nid006829>
Hello world, I'm rank 5 of 9 total ranks running on <nid006612>
Hello world, I'm rank 6 of 9 total ranks running on <nid006612>
Hello world, I'm rank 4 of 9 total ranks running on <nid005885>
Hello world, I'm rank 7 of 9 total ranks running on <nid006829>
Hello world, I'm rank 3 of 9 total ranks running on <nid005885>
Hello world, I'm rank 1 of 9 total ranks running on <nid005805>
Hello world, I'm rank 2 of 9 total ranks running on <nid005805>
Hello world, I'm rank 0 of 9 total ranks running on <nid005805>


Timing results from rank 0: 
	Scatter time:	58.1638 (ms) 
	Sobel time:	19.1872 (ms) 
	Gather time:	43.4988 (ms) 
	Message Count:	16 
	Data Movement:	260.5934 
 srun -n 9 ./mpi_2dmesh -i ../data/zebra-gray-int8-4x -x 7112 -y 5146 -g 3  
srun: Job 18236339 step creation temporarily disabled, retrying (Requested nodes are busy)
srun: Step created for StepId=18236339.5
Hello world, I'm rank 3 of 9 total ranks running on <nid005885>
Hello world, I'm rank 8 of 9 total ranks running on <nid006829>
Hello world, I'm rank 6 of 9 total ranks running on <nid006612>
Hello world, I'm rank 4 of 9 total ranks running on <nid005885>
Hello world, I'm rank 7 of 9 total ranks running on <nid006829>
Hello world, I'm rank 1 of 9 total ranks running on <nid005805>
Hello world, I'm rank 5 of 9 total ranks running on <nid006612>
Hello world, I'm rank 2 of 9 total ranks running on <nid005805>
Hello world, I'm rank 0 of 9 total ranks running on <nid005805>


Timing results from rank 0: 
	Scatter time:	57.3733 (ms) 
	Sobel time:	19.3646 (ms) 
	Gather time:	41.3280 (ms) 
	Message Count:	16 
	Data Movement:	260.4503 
 srun -n 16 ./mpi_2dmesh -i ../data/zebra-gray-int8-4x -x 7112 -y 5146 -g 1  
srun: Job 18236339 step creation temporarily disabled, retrying (Requested nodes are busy)
srun: Step created for StepId=18236339.6
Hello world, I'm rank 7 of 16 total ranks running on <nid005885>
Hello world, I'm rank 13 of 16 total ranks running on <nid006829>
Hello world, I'm rank 9 of 16 total ranks running on <nid006612>
Hello world, I'm rank 3 of 16 total ranks running on <nid005805>
Hello world, I'm rank 6 of 16 total ranks running on <nid005885>
Hello world, I'm rank 12 of 16 total ranks running on <nid006829>
Hello world, I'm rank 15 of 16 total ranks running on <nid006829>
Hello world, I'm rank 10 of 16 total ranks running on <nid006612>
Hello world, I'm rank 2 of 16 total ranks running on <nid005805>
Hello world, I'm rank 5 of 16 total ranks running on <nid005885>
Hello world, I'm rank 11 of 16 total ranks running on <nid006612>
Hello world, I'm rank 1 of 16 total ranks running on <nid005805>
Hello world, I'm rank 4 of 16 total ranks running on <nid005885>
Hello world, I'm rank 14 of 16 total ranks running on <nid006829>
Hello world, I'm rank 8 of 16 total ranks running on <nid006612>
Hello world, I'm rank 0 of 16 total ranks running on <nid005805>


Timing results from rank 0: 
	Scatter time:	28.3392 (ms) 
	Sobel time:	10.8960 (ms) 
	Gather time:	27.9651 (ms) 
	Message Count:	30 
	Data Movement:	275.3482 
 srun -n 16 ./mpi_2dmesh -i ../data/zebra-gray-int8-4x -x 7112 -y 5146 -g 2  
srun: Job 18236339 step creation temporarily disabled, retrying (Requested nodes are busy)
srun: Step created for StepId=18236339.7
Hello world, I'm rank 6 of 16 total ranks running on <nid005885>
Hello world, I'm rank 14 of 16 total ranks running on <nid006829>
Hello world, I'm rank 13 of 16 total ranks running on <nid006829>
Hello world, I'm rank 1 of 16 total ranks running on <nid005805>
Hello world, I'm rank 2 of 16 total ranks running on <nid005805>
Hello world, I'm rank 12 of 16 total ranks running on <nid006829>
Hello world, I'm rank 15 of 16 total ranks running on <nid006829>
Hello world, I'm rank 3 of 16 total ranks running on <nid005805>
Hello world, I'm rank 4 of 16 total ranks running on <nid005885>
Hello world, I'm rank 7 of 16 total ranks running on <nid005885>
Hello world, I'm rank 5 of 16 total ranks running on <nid005885>
Hello world, I'm rank 0 of 16 total ranks running on <nid005805>


Timing results from rank 0: 
	Scatter time:	59.9413 (ms) 
	Sobel time:	10.9811 (ms) 
	Gather time:	46.8894 (ms) 
	Message Count:	30 
	Data Movement:	275.1257 
Hello world, I'm rank 11 of 16 total ranks running on <nid006612>
Hello world, I'm rank 10 of 16 total ranks running on <nid006612>
Hello world, I'm rank 9 of 16 total ranks running on <nid006612>
Hello world, I'm rank 8 of 16 total ranks running on <nid006612>
 srun -n 16 ./mpi_2dmesh -i ../data/zebra-gray-int8-4x -x 7112 -y 5146 -g 3  
srun: Job 18236339 step creation temporarily disabled, retrying (Requested nodes are busy)
srun: Job 18236339 step creation still disabled, retrying (Requested nodes are busy)
srun: Step created for StepId=18236339.8
Hello world, I'm rank 13 of 16 total ranks running on <nid006829>
Hello world, I'm rank 10 of 16 total ranks running on <nid006612>
Hello world, I'm rank 7 of 16 total ranks running on <nid005885>
Hello world, I'm rank 6 of 16 total ranks running on <nid005885>
Hello world, I'm rank 4 of 16 total ranks running on <nid005885>
Hello world, I'm rank 12 of 16 total ranks running on <nid006829>
Hello world, I'm rank 14 of 16 total ranks running on <nid006829>
Hello world, I'm rank 5 of 16 total ranks running on <nid005885>
Hello world, I'm rank 15 of 16 total ranks running on <nid006829>
Hello world, I'm rank 8 of 16 total ranks running on <nid006612>
Hello world, I'm rank 9 of 16 total ranks running on <nid006612>
Hello world, I'm rank 11 of 16 total ranks running on <nid006612>
Hello world, I'm rank 2 of 16 total ranks running on <nid005805>
Hello world, I'm rank 1 of 16 total ranks running on <nid005805>
Hello world, I'm rank 3 of 16 total ranks running on <nid005805>
Hello world, I'm rank 0 of 16 total ranks running on <nid005805>


Timing results from rank 0: 
	Scatter time:	48.2728 (ms) 
	Sobel time:	10.7709 (ms) 
	Gather time:	37.4678 (ms) 
	Message Count:	30 
	Data Movement:	274.7768 
 srun -n 25 ./mpi_2dmesh -i ../data/zebra-gray-int8-4x -x 7112 -y 5146 -g 1  
srun: Job 18236339 step creation temporarily disabled, retrying (Requested nodes are busy)
srun: Step created for StepId=18236339.9
Hello world, I'm rank 8 of 25 total ranks running on <nid005885>
Hello world, I'm rank 15 of 25 total ranks running on <nid006612>
Hello world, I'm rank 10 of 25 total ranks running on <nid005885>
Hello world, I'm rank 17 of 25 total ranks running on <nid006612>
Hello world, I'm rank 22 of 25 total ranks running on <nid006829>
Hello world, I'm rank 4 of 25 total ranks running on <nid005805>
Hello world, I'm rank 23 of 25 total ranks running on <nid006829>
Hello world, I'm rank 6 of 25 total ranks running on <nid005805>
Hello world, I'm rank 7 of 25 total ranks running on <nid005885>
Hello world, I'm rank 20 of 25 total ranks running on <nid006829>
Hello world, I'm rank 5 of 25 total ranks running on <nid005805>
Hello world, I'm rank 21 of 25 total ranks running on <nid006829>
Hello world, I'm rank 19 of 25 total ranks running on <nid006829>
Hello world, I'm rank 24 of 25 total ranks running on <nid006829>
Hello world, I'm rank 2 of 25 total ranks running on <nid005805>
Hello world, I'm rank 3 of 25 total ranks running on <nid005805>
Hello world, I'm rank 11 of 25 total ranks running on <nid005885>
Hello world, I'm rank 14 of 25 total ranks running on <nid006612>
Hello world, I'm rank 12 of 25 total ranks running on <nid005885>
Hello world, I'm rank 1 of 25 total ranks running on <nid005805>
Hello world, I'm rank 9 of 25 total ranks running on <nid005885>
Hello world, I'm rank 13 of 25 total ranks running on <nid006612>
Hello world, I'm rank 16 of 25 total ranks running on <nid006612>
Hello world, I'm rank 18 of 25 total ranks running on <nid006612>
Hello world, I'm rank 0 of 25 total ranks running on <nid005805>


Timing results from rank 0: 
	Scatter time:	33.1253 (ms) 
	Sobel time:	8.9627 (ms) 
	Gather time:	32.9111 (ms) 
	Message Count:	48 
	Data Movement:	282.4602 
 srun -n 25 ./mpi_2dmesh -i ../data/zebra-gray-int8-4x -x 7112 -y 5146 -g 2  
srun: Job 18236339 step creation temporarily disabled, retrying (Requested nodes are busy)
srun: Step created for StepId=18236339.10
Hello world, I'm rank 14 of 25 total ranks running on <nid006612>
Hello world, I'm rank 16 of 25 total ranks running on <nid006612>
Hello world, I'm rank 5 of 25 total ranks running on <nid005805>
Hello world, I'm rank 24 of 25 total ranks running on <nid006829>
Hello world, I'm rank 6 of 25 total ranks running on <nid005805>
Hello world, I'm rank 20 of 25 total ranks running on <nid006829>
Hello world, I'm rank 8 of 25 total ranks running on <nid005885>
Hello world, I'm rank 7 of 25 total ranks running on <nid005885>
Hello world, I'm rank 19 of 25 total ranks running on <nid006829>
Hello world, I'm rank 9 of 25 total ranks running on <nid005885>
Hello world, I'm rank 12 of 25 total ranks running on <nid005885>
Hello world, I'm rank 21 of 25 total ranks running on <nid006829>
Hello world, I'm rank 22 of 25 total ranks running on <nid006829>
Hello world, I'm rank 11 of 25 total ranks running on <nid005885>
Hello world, I'm rank 10 of 25 total ranks running on <nid005885>
Hello world, I'm rank 23 of 25 total ranks running on <nid006829>
Hello world, I'm rank 13 of 25 total ranks running on <nid006612>
Hello world, I'm rank 18 of 25 total ranks running on <nid006612>
Hello world, I'm rank 15 of 25 total ranks running on <nid006612>
Hello world, I'm rank 17 of 25 total ranks running on <nid006612>
Hello world, I'm rank 3 of 25 total ranks running on <nid005805>
Hello world, I'm rank 4 of 25 total ranks running on <nid005805>
Hello world, I'm rank 1 of 25 total ranks running on <nid005805>
Hello world, I'm rank 2 of 25 total ranks running on <nid005805>
Hello world, I'm rank 0 of 25 total ranks running on <nid005805>


Timing results from rank 0: 
	Scatter time:	60.5793 (ms) 
	Sobel time:	7.0570 (ms) 
	Gather time:	50.0951 (ms) 
	Message Count:	48 
	Data Movement:	282.0831 
 srun -n 25 ./mpi_2dmesh -i ../data/zebra-gray-int8-4x -x 7112 -y 5146 -g 3  
srun: Job 18236339 step creation temporarily disabled, retrying (Requested nodes are busy)
srun: Step created for StepId=18236339.11
Hello world, I'm rank 9 of 25 total ranks running on <nid005885>
Hello world, I'm rank 24 of 25 total ranks running on <nid006829>
Hello world, I'm rank 20 of 25 total ranks running on <nid006829>
Hello world, I'm rank 8 of 25 total ranks running on <nid005885>
Hello world, I'm rank 3 of 25 total ranks running on <nid005805>
Hello world, I'm rank 21 of 25 total ranks running on <nid006829>
Hello world, I'm rank 23 of 25 total ranks running on <nid006829>
Hello world, I'm rank 22 of 25 total ranks running on <nid006829>
Hello world, I'm rank 11 of 25 total ranks running on <nid005885>
Hello world, I'm rank 1 of 25 total ranks running on <nid005805>
Hello world, I'm rank 5 of 25 total ranks running on <nid005805>
Hello world, I'm rank 19 of 25 total ranks running on <nid006829>
Hello world, I'm rank 2 of 25 total ranks running on <nid005805>
Hello world, I'm rank 4 of 25 total ranks running on <nid005805>
Hello world, I'm rank 7 of 25 total ranks running on <nid005885>
Hello world, I'm rank 12 of 25 total ranks running on <nid005885>
Hello world, I'm rank 6 of 25 total ranks running on <nid005805>
Hello world, I'm rank 10 of 25 total ranks running on <nid005885>
Hello world, I'm rank 0 of 25 total ranks running on <nid005805>


Timing results from rank 0: 
	Scatter time:	56.2986 (ms) 
	Sobel time:	7.0323 (ms) 
	Gather time:	43.4326 (ms) 
	Message Count:	48 
	Data Movement:	281.4636 
Hello world, I'm rank 13 of 25 total ranks running on <nid006612>
Hello world, I'm rank 17 of 25 total ranks running on <nid006612>
Hello world, I'm rank 16 of 25 total ranks running on <nid006612>
Hello world, I'm rank 15 of 25 total ranks running on <nid006612>
Hello world, I'm rank 18 of 25 total ranks running on <nid006612>
Hello world, I'm rank 14 of 25 total ranks running on <nid006612>
 srun -n 36 ./mpi_2dmesh -i ../data/zebra-gray-int8-4x -x 7112 -y 5146 -g 1  
srun: Job 18236339 step creation temporarily disabled, retrying (Requested nodes are busy)
srun: Step created for StepId=18236339.12
Hello world, I'm rank 13 of 36 total ranks running on <nid005885>
Hello world, I'm rank 31 of 36 total ranks running on <nid006829>
Hello world, I'm rank 1 of 36 total ranks running on <nid005805>
Hello world, I'm rank 11 of 36 total ranks running on <nid005885>
Hello world, I'm rank 33 of 36 total ranks running on <nid006829>
Hello world, I'm rank 25 of 36 total ranks running on <nid006612>
Hello world, I'm rank 6 of 36 total ranks running on <nid005805>
Hello world, I'm rank 14 of 36 total ranks running on <nid005885>
Hello world, I'm rank 29 of 36 total ranks running on <nid006829>
Hello world, I'm rank 5 of 36 total ranks running on <nid005805>
Hello world, I'm rank 34 of 36 total ranks running on <nid006829>
Hello world, I'm rank 23 of 36 total ranks running on <nid006612>
Hello world, I'm rank 35 of 36 total ranks running on <nid006829>
Hello world, I'm rank 21 of 36 total ranks running on <nid006612>
Hello world, I'm rank 32 of 36 total ranks running on <nid006829>
Hello world, I'm rank 28 of 36 total ranks running on <nid006829>
Hello world, I'm rank 4 of 36 total ranks running on <nid005805>
Hello world, I'm rank 30 of 36 total ranks running on <nid006829>
Hello world, I'm rank 27 of 36 total ranks running on <nid006829>
Hello world, I'm rank 19 of 36 total ranks running on <nid006612>
Hello world, I'm rank 24 of 36 total ranks running on <nid006612>
Hello world, I'm rank 7 of 36 total ranks running on <nid005805>
Hello world, I'm rank 10 of 36 total ranks running on <nid005885>
Hello world, I'm rank 2 of 36 total ranks running on <nid005805>
Hello world, I'm rank 18 of 36 total ranks running on <nid006612>
Hello world, I'm rank 12 of 36 total ranks running on <nid005885>
Hello world, I'm rank 26 of 36 total ranks running on <nid006612>
Hello world, I'm rank 15 of 36 total ranks running on <nid005885>
Hello world, I'm rank 3 of 36 total ranks running on <nid005805>
Hello world, I'm rank 8 of 36 total ranks running on <nid005805>
Hello world, I'm rank 9 of 36 total ranks running on <nid005885>
Hello world, I'm rank 17 of 36 total ranks running on <nid005885>
Hello world, I'm rank 16 of 36 total ranks running on <nid005885>
Hello world, I'm rank 22 of 36 total ranks running on <nid006612>
Hello world, I'm rank 20 of 36 total ranks running on <nid006612>
Hello world, I'm rank 0 of 36 total ranks running on <nid005805>


Timing results from rank 0: 
	Scatter time:	31.4219 (ms) 
	Sobel time:	5.8045 (ms) 
	Gather time:	30.8466 (ms) 
	Message Count:	70 
	Data Movement:	286.6705 
 srun -n 36 ./mpi_2dmesh -i ../data/zebra-gray-int8-4x -x 7112 -y 5146 -g 2  
srun: Job 18236339 step creation temporarily disabled, retrying (Requested nodes are busy)
srun: Step created for StepId=18236339.13
Hello world, I'm rank 34 of 36 total ranks running on <nid006829>
Hello world, I'm rank 26 of 36 total ranks running on <nid006612>
Hello world, I'm rank 28 of 36 total ranks running on <nid006829>
Hello world, I'm rank 9 of 36 total ranks running on <nid005885>
Hello world, I'm rank 31 of 36 total ranks running on <nid006829>
Hello world, I'm rank 21 of 36 total ranks running on <nid006612>
Hello world, I'm rank 33 of 36 total ranks running on <nid006829>
Hello world, I'm rank 12 of 36 total ranks running on <nid005885>
Hello world, I'm rank 2 of 36 total ranks running on <nid005805>
Hello world, I'm rank 14 of 36 total ranks running on <nid005885>
Hello world, I'm rank 30 of 36 total ranks running on <nid006829>
Hello world, I'm rank 7 of 36 total ranks running on <nid005805>
Hello world, I'm rank 15 of 36 total ranks running on <nid005885>
Hello world, I'm rank 32 of 36 total ranks running on <nid006829>
Hello world, I'm rank 17 of 36 total ranks running on <nid005885>
Hello world, I'm rank 29 of 36 total ranks running on <nid006829>
Hello world, I'm rank 35 of 36 total ranks running on <nid006829>
Hello world, I'm rank 1 of 36 total ranks running on <nid005805>
Hello world, I'm rank 3 of 36 total ranks running on <nid005805>
Hello world, I'm rank 4 of 36 total ranks running on <nid005805>
Hello world, I'm rank 27 of 36 total ranks running on <nid006829>
Hello world, I'm rank 13 of 36 total ranks running on <nid005885>
Hello world, I'm rank 22 of 36 total ranks running on <nid006612>
Hello world, I'm rank 10 of 36 total ranks running on <nid005885>
Hello world, I'm rank 25 of 36 total ranks running on <nid006612>
Hello world, I'm rank 16 of 36 total ranks running on <nid005885>
Hello world, I'm rank 6 of 36 total ranks running on <nid005805>
Hello world, I'm rank 8 of 36 total ranks running on <nid005805>
Hello world, I'm rank 5 of 36 total ranks running on <nid005805>
Hello world, I'm rank 11 of 36 total ranks running on <nid005885>
Hello world, I'm rank 0 of 36 total ranks running on <nid005805>


Timing results from rank 0: 
	Scatter time:	56.6825 (ms) 
	Sobel time:	5.1814 (ms) 
	Gather time:	49.0357 (ms) 
	Message Count:	70 
	Data Movement:	286.1176 
Hello world, I'm rank 20 of 36 total ranks running on <nid006612>
Hello world, I'm rank 24 of 36 total ranks running on <nid006612>
Hello world, I'm rank 18 of 36 total ranks running on <nid006612>
Hello world, I'm rank 23 of 36 total ranks running on <nid006612>
Hello world, I'm rank 19 of 36 total ranks running on <nid006612>
 srun -n 36 ./mpi_2dmesh -i ../data/zebra-gray-int8-4x -x 7112 -y 5146 -g 3  
srun: Job 18236339 step creation temporarily disabled, retrying (Requested nodes are busy)
srun: Step created for StepId=18236339.14
Hello world, I'm rank 26 of 36 total ranks running on <nid006612>
Hello world, I'm rank 11 of 36 total ranks running on <nid005885>
Hello world, I'm rank 22 of 36 total ranks running on <nid006612>
Hello world, I'm rank 29 of 36 total ranks running on <nid006829>
Hello world, I'm rank 18 of 36 total ranks running on <nid006612>
Hello world, I'm rank 16 of 36 total ranks running on <nid005885>
Hello world, I'm rank 8 of 36 total ranks running on <nid005805>
Hello world, I'm rank 34 of 36 total ranks running on <nid006829>
Hello world, I'm rank 28 of 36 total ranks running on <nid006829>
Hello world, I'm rank 32 of 36 total ranks running on <nid006829>
Hello world, I'm rank 13 of 36 total ranks running on <nid005885>
Hello world, I'm rank 35 of 36 total ranks running on <nid006829>
Hello world, I'm rank 9 of 36 total ranks running on <nid005885>
Hello world, I'm rank 30 of 36 total ranks running on <nid006829>
Hello world, I'm rank 15 of 36 total ranks running on <nid005885>
Hello world, I'm rank 33 of 36 total ranks running on <nid006829>
Hello world, I'm rank 31 of 36 total ranks running on <nid006829>
Hello world, I'm rank 27 of 36 total ranks running on <nid006829>
Hello world, I'm rank 7 of 36 total ranks running on <nid005805>
Hello world, I'm rank 3 of 36 total ranks running on <nid005805>
Hello world, I'm rank 10 of 36 total ranks running on <nid005885>
Hello world, I'm rank 12 of 36 total ranks running on <nid005885>
Hello world, I'm rank 5 of 36 total ranks running on <nid005805>
Hello world, I'm rank 0 of 36 total ranks running on <nid005805>


Timing results from rank 0: 
	Scatter time:	52.3623 (ms) 
	Sobel time:	5.0464 (ms) 
	Gather time:	42.8972 (ms) 
	Message Count:	70 
	Data Movement:	285.1450 
Hello world, I'm rank 17 of 36 total ranks running on <nid005885>
Hello world, I'm rank 25 of 36 total ranks running on <nid006612>
Hello world, I'm rank 6 of 36 total ranks running on <nid005805>
Hello world, I'm rank 14 of 36 total ranks running on <nid005885>
Hello world, I'm rank 1 of 36 total ranks running on <nid005805>
Hello world, I'm rank 2 of 36 total ranks running on <nid005805>
Hello world, I'm rank 4 of 36 total ranks running on <nid005805>
Hello world, I'm rank 24 of 36 total ranks running on <nid006612>
Hello world, I'm rank 19 of 36 total ranks running on <nid006612>
Hello world, I'm rank 21 of 36 total ranks running on <nid006612>
Hello world, I'm rank 23 of 36 total ranks running on <nid006612>
Hello world, I'm rank 20 of 36 total ranks running on <nid006612>
 srun -n 49 ./mpi_2dmesh -i ../data/zebra-gray-int8-4x -x 7112 -y 5146 -g 1  
srun: Job 18236339 step creation temporarily disabled, retrying (Requested nodes are busy)
srun: Step created for StepId=18236339.15
Hello world, I'm rank 25 of 49 total ranks running on <nid006612>
Hello world, I'm rank 32 of 49 total ranks running on <nid006612>
Hello world, I'm rank 39 of 49 total ranks running on <nid006829>
Hello world, I'm rank 40 of 49 total ranks running on <nid006829>
Hello world, I'm rank 13 of 49 total ranks running on <nid005885>
Hello world, I'm rank 46 of 49 total ranks running on <nid006829>
Hello world, I'm rank 4 of 49 total ranks running on <nid005805>
Hello world, I'm rank 37 of 49 total ranks running on <nid006829>
Hello world, I'm rank 8 of 49 total ranks running on <nid005805>
Hello world, I'm rank 20 of 49 total ranks running on <nid005885>
Hello world, I'm rank 7 of 49 total ranks running on <nid005805>
Hello world, I'm rank 47 of 49 total ranks running on <nid006829>
Hello world, I'm rank 24 of 49 total ranks running on <nid005885>
Hello world, I'm rank 10 of 49 total ranks running on <nid005805>
Hello world, I'm rank 28 of 49 total ranks running on <nid006612>
Hello world, I'm rank 14 of 49 total ranks running on <nid005885>
Hello world, I'm rank 12 of 49 total ranks running on <nid005805>
Hello world, I'm rank 15 of 49 total ranks running on <nid005885>
Hello world, I'm rank 9 of 49 total ranks running on <nid005805>
Hello world, I'm rank 23 of 49 total ranks running on <nid005885>
Hello world, I'm rank 36 of 49 total ranks running on <nid006612>
Hello world, I'm rank 33 of 49 total ranks running on <nid006612>
Hello world, I'm rank 27 of 49 total ranks running on <nid006612>
Hello world, I'm rank 41 of 49 total ranks running on <nid006829>
Hello world, I'm rank 29 of 49 total ranks running on <nid006612>
Hello world, I'm rank 11 of 49 total ranks running on <nid005805>
Hello world, I'm rank 34 of 49 total ranks running on <nid006612>
Hello world, I'm rank 6 of 49 total ranks running on <nid005805>
Hello world, I'm rank 38 of 49 total ranks running on <nid006829>
Hello world, I'm rank 35 of 49 total ranks running on <nid006612>
Hello world, I'm rank 43 of 49 total ranks running on <nid006829>
Hello world, I'm rank 5 of 49 total ranks running on <nid005805>
Hello world, I'm rank 31 of 49 total ranks running on <nid006612>
Hello world, I'm rank 1 of 49 total ranks running on <nid005805>
Hello world, I'm rank 48 of 49 total ranks running on <nid006829>
Hello world, I'm rank 30 of 49 total ranks running on <nid006612>
Hello world, I'm rank 2 of 49 total ranks running on <nid005805>
Hello world, I'm rank 19 of 49 total ranks running on <nid005885>
Hello world, I'm rank 16 of 49 total ranks running on <nid005885>
Hello world, I'm rank 45 of 49 total ranks running on <nid006829>
Hello world, I'm rank 26 of 49 total ranks running on <nid006612>
Hello world, I'm rank 22 of 49 total ranks running on <nid005885>
Hello world, I'm rank 18 of 49 total ranks running on <nid005885>
Hello world, I'm rank 3 of 49 total ranks running on <nid005805>
Hello world, I'm rank 21 of 49 total ranks running on <nid005885>
Hello world, I'm rank 42 of 49 total ranks running on <nid006829>
Hello world, I'm rank 17 of 49 total ranks running on <nid005885>
Hello world, I'm rank 44 of 49 total ranks running on <nid006829>
Hello world, I'm rank 0 of 49 total ranks running on <nid005805>


Timing results from rank 0: 
	Scatter time:	37.6344 (ms) 
	Sobel time:	4.0187 (ms) 
	Gather time:	35.6245 (ms) 
	Message Count:	96 
	Data Movement:	289.5153 
 srun -n 49 ./mpi_2dmesh -i ../data/zebra-gray-int8-4x -x 7112 -y 5146 -g 2  
srun: Job 18236339 step creation temporarily disabled, retrying (Requested nodes are busy)
srun: Step created for StepId=18236339.16
Hello world, I'm rank 24 of 49 total ranks running on <nid005885>
Hello world, I'm rank 1 of 49 total ranks running on <nid005805>
Hello world, I'm rank 43 of 49 total ranks running on <nid006829>
Hello world, I'm rank 42 of 49 total ranks running on <nid006829>
Hello world, I'm rank 20 of 49 total ranks running on <nid005885>
Hello world, I'm rank 16 of 49 total ranks running on <nid005885>
Hello world, I'm rank 23 of 49 total ranks running on <nid005885>
Hello world, I'm rank 21 of 49 total ranks running on <nid005885>
Hello world, I'm rank 41 of 49 total ranks running on <nid006829>
Hello world, I'm rank 40 of 49 total ranks running on <nid006829>
Hello world, I'm rank 8 of 49 total ranks running on <nid005805>
Hello world, I'm rank 11 of 49 total ranks running on <nid005805>
Hello world, I'm rank 46 of 49 total ranks running on <nid006829>
Hello world, I'm rank 45 of 49 total ranks running on <nid006829>
Hello world, I'm rank 7 of 49 total ranks running on <nid005805>
Hello world, I'm rank 5 of 49 total ranks running on <nid005805>
Hello world, I'm rank 47 of 49 total ranks running on <nid006829>
Hello world, I'm rank 39 of 49 total ranks running on <nid006829>
Hello world, I'm rank 44 of 49 total ranks running on <nid006829>
Hello world, I'm rank 9 of 49 total ranks running on <nid005805>
Hello world, I'm rank 38 of 49 total ranks running on <nid006829>
Hello world, I'm rank 37 of 49 total ranks running on <nid006829>
Hello world, I'm rank 48 of 49 total ranks running on <nid006829>
Hello world, I'm rank 10 of 49 total ranks running on <nid005805>
Hello world, I'm rank 35 of 49 total ranks running on <nid006612>
Hello world, I'm rank 12 of 49 total ranks running on <nid005805>
Hello world, I'm rank 15 of 49 total ranks running on <nid005885>
Hello world, I'm rank 0 of 49 total ranks running on <nid005805>


Timing results from rank 0: 
	Scatter time:	60.0014 (ms) 
	Sobel time:	4.0081 (ms) 
	Gather time:	53.1975 (ms) 
	Message Count:	96 
	Data Movement:	288.7935 
Hello world, I'm rank 13 of 49 total ranks running on <nid005885>
Hello world, I'm rank 18 of 49 total ranks running on <nid005885>
Hello world, I'm rank 6 of 49 total ranks running on <nid005805>
Hello world, I'm rank 34 of 49 total ranks running on <nid006612>
Hello world, I'm rank 14 of 49 total ranks running on <nid005885>
Hello world, I'm rank 2 of 49 total ranks running on <nid005805>
Hello world, I'm rank 3 of 49 total ranks running on <nid005805>
Hello world, I'm rank 4 of 49 total ranks running on <nid005805>
Hello world, I'm rank 22 of 49 total ranks running on <nid005885>
Hello world, I'm rank 17 of 49 total ranks running on <nid005885>
Hello world, I'm rank 19 of 49 total ranks running on <nid005885>
Hello world, I'm rank 26 of 49 total ranks running on <nid006612>
Hello world, I'm rank 25 of 49 total ranks running on <nid006612>
Hello world, I'm rank 28 of 49 total ranks running on <nid006612>
Hello world, I'm rank 31 of 49 total ranks running on <nid006612>
Hello world, I'm rank 27 of 49 total ranks running on <nid006612>
Hello world, I'm rank 29 of 49 total ranks running on <nid006612>
Hello world, I'm rank 36 of 49 total ranks running on <nid006612>
Hello world, I'm rank 30 of 49 total ranks running on <nid006612>
Hello world, I'm rank 32 of 49 total ranks running on <nid006612>
Hello world, I'm rank 33 of 49 total ranks running on <nid006612>
 srun -n 49 ./mpi_2dmesh -i ../data/zebra-gray-int8-4x -x 7112 -y 5146 -g 3  
srun: Job 18236339 step creation temporarily disabled, retrying (Requested nodes are busy)
srun: Step created for StepId=18236339.17
Hello world, I'm rank 20 of 49 total ranks running on <nid005885>
Hello world, I'm rank 32 of 49 total ranks running on <nid006612>
Hello world, I'm rank 10 of 49 total ranks running on <nid005805>
Hello world, I'm rank 47 of 49 total ranks running on <nid006829>
Hello world, I'm rank 30 of 49 total ranks running on <nid006612>
Hello world, I'm rank 4 of 49 total ranks running on <nid005805>
Hello world, I'm rank 45 of 49 total ranks running on <nid006829>
Hello world, I'm rank 38 of 49 total ranks running on <nid006829>
Hello world, I'm rank 21 of 49 total ranks running on <nid005885>
Hello world, I'm rank 42 of 49 total ranks running on <nid006829>
Hello world, I'm rank 31 of 49 total ranks running on <nid006612>
Hello world, I'm rank 18 of 49 total ranks running on <nid005885>
Hello world, I'm rank 43 of 49 total ranks running on <nid006829>
Hello world, I'm rank 13 of 49 total ranks running on <nid005885>
Hello world, I'm rank 44 of 49 total ranks running on <nid006829>
Hello world, I'm rank 19 of 49 total ranks running on <nid005885>
Hello world, I'm rank 11 of 49 total ranks running on <nid005805>
Hello world, I'm rank 40 of 49 total ranks running on <nid006829>
Hello world, I'm rank 8 of 49 total ranks running on <nid005805>
Hello world, I'm rank 41 of 49 total ranks running on <nid006829>
Hello world, I'm rank 3 of 49 total ranks running on <nid005805>
Hello world, I'm rank 26 of 49 total ranks running on <nid006612>
Hello world, I'm rank 24 of 49 total ranks running on <nid005885>
Hello world, I'm rank 5 of 49 total ranks running on <nid005805>
Hello world, I'm rank 6 of 49 total ranks running on <nid005805>
Hello world, I'm rank 48 of 49 total ranks running on <nid006829>
Hello world, I'm rank 46 of 49 total ranks running on <nid006829>
Hello world, I'm rank 39 of 49 total ranks running on <nid006829>
Hello world, I'm rank 22 of 49 total ranks running on <nid005885>
Hello world, I'm rank 29 of 49 total ranks running on <nid006612>
Hello world, I'm rank 17 of 49 total ranks running on <nid005885>
Hello world, I'm rank 23 of 49 total ranks running on <nid005885>
Hello world, I'm rank 16 of 49 total ranks running on <nid005885>
Hello world, I'm rank 15 of 49 total ranks running on <nid005885>
Hello world, I'm rank 14 of 49 total ranks running on <nid005885>
Hello world, I'm rank 37 of 49 total ranks running on <nid006829>
Hello world, I'm rank 2 of 49 total ranks running on <nid005805>
Hello world, I'm rank 7 of 49 total ranks running on <nid005805>
Hello world, I'm rank 34 of 49 total ranks running on <nid006612>
Hello world, I'm rank 25 of 49 total ranks running on <nid006612>
Hello world, I'm rank 12 of 49 total ranks running on <nid005805>
Hello world, I'm rank 9 of 49 total ranks running on <nid005805>
Hello world, I'm rank 1 of 49 total ranks running on <nid005805>
Hello world, I'm rank 33 of 49 total ranks running on <nid006612>
Hello world, I'm rank 27 of 49 total ranks running on <nid006612>
Hello world, I'm rank 35 of 49 total ranks running on <nid006612>
Hello world, I'm rank 28 of 49 total ranks running on <nid006612>
Hello world, I'm rank 36 of 49 total ranks running on <nid006612>
Hello world, I'm rank 0 of 49 total ranks running on <nid005805>


Timing results from rank 0: 
	Scatter time:	56.4778 (ms) 
	Sobel time:	3.9557 (ms) 
	Gather time:	46.9905 (ms) 
	Message Count:	96 
	Data Movement:	287.3947 
 srun -n 64 ./mpi_2dmesh -i ../data/zebra-gray-int8-4x -x 7112 -y 5146 -g 1  
srun: Job 18236339 step creation temporarily disabled, retrying (Requested nodes are busy)
srun: Step created for StepId=18236339.18
Hello world, I'm rank 35 of 64 total ranks running on <nid006612>
Hello world, I'm rank 33 of 64 total ranks running on <nid006612>
Hello world, I'm rank 14 of 64 total ranks running on <nid005805>
Hello world, I'm rank 38 of 64 total ranks running on <nid006612>
Hello world, I'm rank 32 of 64 total ranks running on <nid006612>
Hello world, I'm rank 31 of 64 total ranks running on <nid005885>
Hello world, I'm rank 6 of 64 total ranks running on <nid005805>
Hello world, I'm rank 8 of 64 total ranks running on <nid005805>
Hello world, I'm rank 41 of 64 total ranks running on <nid006612>
Hello world, I'm rank 53 of 64 total ranks running on <nid006829>
Hello world, I'm rank 7 of 64 total ranks running on <nid005805>
Hello world, I'm rank 29 of 64 total ranks running on <nid005885>
Hello world, I'm rank 24 of 64 total ranks running on <nid005885>
Hello world, I'm rank 25 of 64 total ranks running on <nid005885>
Hello world, I'm rank 54 of 64 total ranks running on <nid006829>
Hello world, I'm rank 50 of 64 total ranks running on <nid006829>
Hello world, I'm rank 56 of 64 total ranks running on <nid006829>
Hello world, I'm rank 20 of 64 total ranks running on <nid005885>
Hello world, I'm rank 62 of 64 total ranks running on <nid006829>
Hello world, I'm rank 27 of 64 total ranks running on <nid005885>
Hello world, I'm rank 58 of 64 total ranks running on <nid006829>
Hello world, I'm rank 19 of 64 total ranks running on <nid005885>
Hello world, I'm rank 61 of 64 total ranks running on <nid006829>
Hello world, I'm rank 59 of 64 total ranks running on <nid006829>
Hello world, I'm rank 48 of 64 total ranks running on <nid006829>
Hello world, I'm rank 13 of 64 total ranks running on <nid005805>
Hello world, I'm rank 12 of 64 total ranks running on <nid005805>
Hello world, I'm rank 30 of 64 total ranks running on <nid005885>
Hello world, I'm rank 9 of 64 total ranks running on <nid005805>
Hello world, I'm rank 63 of 64 total ranks running on <nid006829>
Hello world, I'm rank 3 of 64 total ranks running on <nid005805>
Hello world, I'm rank 15 of 64 total ranks running on <nid005805>
Hello world, I'm rank 4 of 64 total ranks running on <nid005805>
Hello world, I'm rank 16 of 64 total ranks running on <nid005885>
Hello world, I'm rank 11 of 64 total ranks running on <nid005805>
Hello world, I'm rank 2 of 64 total ranks running on <nid005805>
Hello world, I'm rank 55 of 64 total ranks running on <nid006829>
Hello world, I'm rank 49 of 64 total ranks running on <nid006829>
Hello world, I'm rank 1 of 64 total ranks running on <nid005805>
Hello world, I'm rank 10 of 64 total ranks running on <nid005805>
Hello world, I'm rank 18 of 64 total ranks running on <nid005885>
Hello world, I'm rank 5 of 64 total ranks running on <nid005805>
Hello world, I'm rank 51 of 64 total ranks running on <nid006829>
Hello world, I'm rank 46 of 64 total ranks running on <nid006612>
Hello world, I'm rank 60 of 64 total ranks running on <nid006829>
Hello world, I'm rank 52 of 64 total ranks running on <nid006829>
Hello world, I'm rank 21 of 64 total ranks running on <nid005885>
Hello world, I'm rank 17 of 64 total ranks running on <nid005885>
Hello world, I'm rank 26 of 64 total ranks running on <nid005885>
Hello world, I'm rank 57 of 64 total ranks running on <nid006829>
Hello world, I'm rank 23 of 64 total ranks running on <nid005885>
Hello world, I'm rank 28 of 64 total ranks running on <nid005885>
Hello world, I'm rank 36 of 64 total ranks running on <nid006612>
Hello world, I'm rank 39 of 64 total ranks running on <nid006612>
Hello world, I'm rank 43 of 64 total ranks running on <nid006612>
Hello world, I'm rank 45 of 64 total ranks running on <nid006612>
Hello world, I'm rank 37 of 64 total ranks running on <nid006612>
Hello world, I'm rank 40 of 64 total ranks running on <nid006612>
Hello world, I'm rank 34 of 64 total ranks running on <nid006612>
Hello world, I'm rank 22 of 64 total ranks running on <nid005885>
Hello world, I'm rank 44 of 64 total ranks running on <nid006612>
Hello world, I'm rank 47 of 64 total ranks running on <nid006612>
Hello world, I'm rank 42 of 64 total ranks running on <nid006612>
Hello world, I'm rank 0 of 64 total ranks running on <nid005805>


Timing results from rank 0: 
	Scatter time:	37.0069 (ms) 
	Sobel time:	3.9253 (ms) 
	Gather time:	35.1538 (ms) 
	Message Count:	126 
	Data Movement:	291.7911 
 srun -n 64 ./mpi_2dmesh -i ../data/zebra-gray-int8-4x -x 7112 -y 5146 -g 2  
srun: Job 18236339 step creation temporarily disabled, retrying (Requested nodes are busy)
srun: Step created for StepId=18236339.19
Hello world, I'm rank 38 of 64 total ranks running on <nid006612>
Hello world, I'm rank 54 of 64 total ranks running on <nid006829>
Hello world, I'm rank 13 of 64 total ranks running on <nid005805>
Hello world, I'm rank 23 of 64 total ranks running on <nid005885>
Hello world, I'm rank 60 of 64 total ranks running on <nid006829>
Hello world, I'm rank 52 of 64 total ranks running on <nid006829>
Hello world, I'm rank 56 of 64 total ranks running on <nid006829>
Hello world, I'm rank 3 of 64 total ranks running on <nid005805>
Hello world, I'm rank 51 of 64 total ranks running on <nid006829>
Hello world, I'm rank 63 of 64 total ranks running on <nid006829>
Hello world, I'm rank 20 of 64 total ranks running on <nid005885>
Hello world, I'm rank 9 of 64 total ranks running on <nid005805>
Hello world, I'm rank 24 of 64 total ranks running on <nid005885>
Hello world, I'm rank 28 of 64 total ranks running on <nid005885>
Hello world, I'm rank 10 of 64 total ranks running on <nid005805>
Hello world, I'm rank 22 of 64 total ranks running on <nid005885>
Hello world, I'm rank 25 of 64 total ranks running on <nid005885>
Hello world, I'm rank 53 of 64 total ranks running on <nid006829>
Hello world, I'm rank 62 of 64 total ranks running on <nid006829>
Hello world, I'm rank 49 of 64 total ranks running on <nid006829>
Hello world, I'm rank 2 of 64 total ranks running on <nid005805>
Hello world, I'm rank 55 of 64 total ranks running on <nid006829>
Hello world, I'm rank 18 of 64 total ranks running on <nid005885>
Hello world, I'm rank 8 of 64 total ranks running on <nid005805>
Hello world, I'm rank 61 of 64 total ranks running on <nid006829>
Hello world, I'm rank 21 of 64 total ranks running on <nid005885>
Hello world, I'm rank 50 of 64 total ranks running on <nid006829>
Hello world, I'm rank 19 of 64 total ranks running on <nid005885>
Hello world, I'm rank 15 of 64 total ranks running on <nid005805>
Hello world, I'm rank 4 of 64 total ranks running on <nid005805>
Hello world, I'm rank 7 of 64 total ranks running on <nid005805>
Hello world, I'm rank 6 of 64 total ranks running on <nid005805>
Hello world, I'm rank 12 of 64 total ranks running on <nid005805>
Hello world, I'm rank 14 of 64 total ranks running on <nid005805>
Hello world, I'm rank 59 of 64 total ranks running on <nid006829>
Hello world, I'm rank 11 of 64 total ranks running on <nid005805>
Hello world, I'm rank 1 of 64 total ranks running on <nid005805>
Hello world, I'm rank 48 of 64 total ranks running on <nid006829>
Hello world, I'm rank 5 of 64 total ranks running on <nid005805>
Hello world, I'm rank 27 of 64 total ranks running on <nid005885>
Hello world, I'm rank 58 of 64 total ranks running on <nid006829>
Hello world, I'm rank 57 of 64 total ranks running on <nid006829>
Hello world, I'm rank 26 of 64 total ranks running on <nid005885>
Hello world, I'm rank 37 of 64 total ranks running on <nid006612>
Hello world, I'm rank 0 of 64 total ranks running on <nid005805>


Timing results from rank 0: 
	Scatter time:	59.9598 (ms) 
	Sobel time:	3.0579 (ms) 
	Gather time:	52.3257 (ms) 
	Message Count:	126 
	Data Movement:	290.8108 
Hello world, I'm rank 16 of 64 total ranks running on <nid005885>
Hello world, I'm rank 17 of 64 total ranks running on <nid005885>
Hello world, I'm rank 31 of 64 total ranks running on <nid005885>
Hello world, I'm rank 29 of 64 total ranks running on <nid005885>
Hello world, I'm rank 30 of 64 total ranks running on <nid005885>
Hello world, I'm rank 39 of 64 total ranks running on <nid006612>
Hello world, I'm rank 44 of 64 total ranks running on <nid006612>
Hello world, I'm rank 34 of 64 total ranks running on <nid006612>
Hello world, I'm rank 41 of 64 total ranks running on <nid006612>
Hello world, I'm rank 36 of 64 total ranks running on <nid006612>
Hello world, I'm rank 42 of 64 total ranks running on <nid006612>
Hello world, I'm rank 33 of 64 total ranks running on <nid006612>
Hello world, I'm rank 43 of 64 total ranks running on <nid006612>
Hello world, I'm rank 46 of 64 total ranks running on <nid006612>
Hello world, I'm rank 32 of 64 total ranks running on <nid006612>
Hello world, I'm rank 35 of 64 total ranks running on <nid006612>
Hello world, I'm rank 45 of 64 total ranks running on <nid006612>
Hello world, I'm rank 40 of 64 total ranks running on <nid006612>
Hello world, I'm rank 47 of 64 total ranks running on <nid006612>
 srun -n 64 ./mpi_2dmesh -i ../data/zebra-gray-int8-4x -x 7112 -y 5146 -g 3  
Hello world, I'm rank 47 of 64 total ranks running on <nid006612>
Hello world, I'm rank 10 of 64 total ranks running on <nid005805>
Hello world, I'm rank 11 of 64 total ranks running on <nid005805>
Hello world, I'm rank 38 of 64 total ranks running on <nid006612>
Hello world, I'm rank 21 of 64 total ranks running on <nid005885>
Hello world, I'm rank 54 of 64 total ranks running on <nid006829>
Hello world, I'm rank 46 of 64 total ranks running on <nid006612>
Hello world, I'm rank 23 of 64 total ranks running on <nid005885>
Hello world, I'm rank 57 of 64 total ranks running on <nid006829>
Hello world, I'm rank 7 of 64 total ranks running on <nid005805>
Hello world, I'm rank 40 of 64 total ranks running on <nid006612>
Hello world, I'm rank 32 of 64 total ranks running on <nid006612>
Hello world, I'm rank 51 of 64 total ranks running on <nid006829>
Hello world, I'm rank 35 of 64 total ranks running on <nid006612>
Hello world, I'm rank 17 of 64 total ranks running on <nid005885>
Hello world, I'm rank 62 of 64 total ranks running on <nid006829>
Hello world, I'm rank 58 of 64 total ranks running on <nid006829>
Hello world, I'm rank 50 of 64 total ranks running on <nid006829>
Hello world, I'm rank 29 of 64 total ranks running on <nid005885>
Hello world, I'm rank 30 of 64 total ranks running on <nid005885>
Hello world, I'm rank 60 of 64 total ranks running on <nid006829>
Hello world, I'm rank 20 of 64 total ranks running on <nid005885>
Hello world, I'm rank 26 of 64 total ranks running on <nid005885>
Hello world, I'm rank 31 of 64 total ranks running on <nid005885>
Hello world, I'm rank 28 of 64 total ranks running on <nid005885>
Hello world, I'm rank 52 of 64 total ranks running on <nid006829>
Hello world, I'm rank 61 of 64 total ranks running on <nid006829>
Hello world, I'm rank 48 of 64 total ranks running on <nid006829>
Hello world, I'm rank 55 of 64 total ranks running on <nid006829>
Hello world, I'm rank 12 of 64 total ranks running on <nid005805>
Hello world, I'm rank 18 of 64 total ranks running on <nid005885>
Hello world, I'm rank 63 of 64 total ranks running on <nid006829>
Hello world, I'm rank 22 of 64 total ranks running on <nid005885>
Hello world, I'm rank 49 of 64 total ranks running on <nid006829>
Hello world, I'm rank 56 of 64 total ranks running on <nid006829>
Hello world, I'm rank 59 of 64 total ranks running on <nid006829>
Hello world, I'm rank 5 of 64 total ranks running on <nid005805>
Hello world, I'm rank 13 of 64 total ranks running on <nid005805>
Hello world, I'm rank 4 of 64 total ranks running on <nid005805>
Hello world, I'm rank 8 of 64 total ranks running on <nid005805>
Hello world, I'm rank 53 of 64 total ranks running on <nid006829>
Hello world, I'm rank 25 of 64 total ranks running on <nid005885>
Hello world, I'm rank 1 of 64 total ranks running on <nid005805>
Hello world, I'm rank 24 of 64 total ranks running on <nid005885>
Hello world, I'm rank 19 of 64 total ranks running on <nid005885>
Hello world, I'm rank 27 of 64 total ranks running on <nid005885>
Hello world, I'm rank 6 of 64 total ranks running on <nid005805>
Hello world, I'm rank 0 of 64 total ranks running on <nid005805>


Timing results from rank 0: 
	Scatter time:	57.2326 (ms) 
	Sobel time:	3.0855 (ms) 
	Gather time:	46.9546 (ms) 
	Message Count:	126 
	Data Movement:	288.8949 
Hello world, I'm rank 14 of 64 total ranks running on <nid005805>
Hello world, I'm rank 43 of 64 total ranks running on <nid006612>
Hello world, I'm rank 16 of 64 total ranks running on <nid005885>
Hello world, I'm rank 42 of 64 total ranks running on <nid006612>
Hello world, I'm rank 3 of 64 total ranks running on <nid005805>
Hello world, I'm rank 9 of 64 total ranks running on <nid005805>
Hello world, I'm rank 15 of 64 total ranks running on <nid005805>
Hello world, I'm rank 2 of 64 total ranks running on <nid005805>
Hello world, I'm rank 45 of 64 total ranks running on <nid006612>
Hello world, I'm rank 44 of 64 total ranks running on <nid006612>
Hello world, I'm rank 37 of 64 total ranks running on <nid006612>
Hello world, I'm rank 36 of 64 total ranks running on <nid006612>
Hello world, I'm rank 33 of 64 total ranks running on <nid006612>
Hello world, I'm rank 39 of 64 total ranks running on <nid006612>
Hello world, I'm rank 41 of 64 total ranks running on <nid006612>
Hello world, I'm rank 34 of 64 total ranks running on <nid006612>
 srun -n 81 ./mpi_2dmesh -i ../data/zebra-gray-int8-4x -x 7112 -y 5146 -g 1  
srun: Job 18236339 step creation temporarily disabled, retrying (Requested nodes are busy)
srun: Step created for StepId=18236339.21
Hello world, I'm rank 70 of 81 total ranks running on <nid006829>
Hello world, I'm rank 35 of 81 total ranks running on <nid005885>
Hello world, I'm rank 43 of 81 total ranks running on <nid006612>
Hello world, I'm rank 37 of 81 total ranks running on <nid005885>
Hello world, I'm rank 8 of 81 total ranks running on <nid005805>
Hello world, I'm rank 10 of 81 total ranks running on <nid005805>
Hello world, I'm rank 58 of 81 total ranks running on <nid006612>
Hello world, I'm rank 57 of 81 total ranks running on <nid006612>
Hello world, I'm rank 14 of 81 total ranks running on <nid005805>
Hello world, I'm rank 73 of 81 total ranks running on <nid006829>
Hello world, I'm rank 38 of 81 total ranks running on <nid005885>
Hello world, I'm rank 54 of 81 total ranks running on <nid006612>
Hello world, I'm rank 74 of 81 total ranks running on <nid006829>
Hello world, I'm rank 60 of 81 total ranks running on <nid006612>
Hello world, I'm rank 64 of 81 total ranks running on <nid006829>
Hello world, I'm rank 71 of 81 total ranks running on <nid006829>
Hello world, I'm rank 30 of 81 total ranks running on <nid005885>
Hello world, I'm rank 19 of 81 total ranks running on <nid005805>
Hello world, I'm rank 78 of 81 total ranks running on <nid006829>
Hello world, I'm rank 32 of 81 total ranks running on <nid005885>
Hello world, I'm rank 53 of 81 total ranks running on <nid006612>
Hello world, I'm rank 75 of 81 total ranks running on <nid006829>
Hello world, I'm rank 33 of 81 total ranks running on <nid005885>
Hello world, I'm rank 50 of 81 total ranks running on <nid006612>
Hello world, I'm rank 29 of 81 total ranks running on <nid005885>
Hello world, I'm rank 16 of 81 total ranks running on <nid005805>
Hello world, I'm rank 18 of 81 total ranks running on <nid005805>
Hello world, I'm rank 65 of 81 total ranks running on <nid006829>
Hello world, I'm rank 41 of 81 total ranks running on <nid006612>
Hello world, I'm rank 1 of 81 total ranks running on <nid005805>
Hello world, I'm rank 28 of 81 total ranks running on <nid005885>
Hello world, I'm rank 21 of 81 total ranks running on <nid005885>
Hello world, I'm rank 69 of 81 total ranks running on <nid006829>
Hello world, I'm rank 7 of 81 total ranks running on <nid005805>
Hello world, I'm rank 11 of 81 total ranks running on <nid005805>
Hello world, I'm rank 24 of 81 total ranks running on <nid005885>
Hello world, I'm rank 76 of 81 total ranks running on <nid006829>
Hello world, I'm rank 40 of 81 total ranks running on <nid005885>
Hello world, I'm rank 23 of 81 total ranks running on <nid005885>
Hello world, I'm rank 27 of 81 total ranks running on <nid005885>
Hello world, I'm rank 72 of 81 total ranks running on <nid006829>
Hello world, I'm rank 61 of 81 total ranks running on <nid006829>
Hello world, I'm rank 17 of 81 total ranks running on <nid005805>
Hello world, I'm rank 20 of 81 total ranks running on <nid005805>
Hello world, I'm rank 46 of 81 total ranks running on <nid006612>
Hello world, I'm rank 4 of 81 total ranks running on <nid005805>
Hello world, I'm rank 5 of 81 total ranks running on <nid005805>
Hello world, I'm rank 51 of 81 total ranks running on <nid006612>
Hello world, I'm rank 68 of 81 total ranks running on <nid006829>
Hello world, I'm rank 62 of 81 total ranks running on <nid006829>
Hello world, I'm rank 52 of 81 total ranks running on <nid006612>
Hello world, I'm rank 80 of 81 total ranks running on <nid006829>
Hello world, I'm rank 36 of 81 total ranks running on <nid005885>
Hello world, I'm rank 77 of 81 total ranks running on <nid006829>
Hello world, I'm rank 25 of 81 total ranks running on <nid005885>
Hello world, I'm rank 56 of 81 total ranks running on <nid006612>
Hello world, I'm rank 67 of 81 total ranks running on <nid006829>
Hello world, I'm rank 22 of 81 total ranks running on <nid005885>
Hello world, I'm rank 9 of 81 total ranks running on <nid005805>
Hello world, I'm rank 79 of 81 total ranks running on <nid006829>
Hello world, I'm rank 34 of 81 total ranks running on <nid005885>
Hello world, I'm rank 3 of 81 total ranks running on <nid005805>
Hello world, I'm rank 66 of 81 total ranks running on <nid006829>
Hello world, I'm rank 31 of 81 total ranks running on <nid005885>
Hello world, I'm rank 2 of 81 total ranks running on <nid005805>
Hello world, I'm rank 15 of 81 total ranks running on <nid005805>
Hello world, I'm rank 39 of 81 total ranks running on <nid005885>
Hello world, I'm rank 12 of 81 total ranks running on <nid005805>
Hello world, I'm rank 63 of 81 total ranks running on <nid006829>
Hello world, I'm rank 13 of 81 total ranks running on <nid005805>
Hello world, I'm rank 45 of 81 total ranks running on <nid006612>
Hello world, I'm rank 59 of 81 total ranks running on <nid006612>
Hello world, I'm rank 26 of 81 total ranks running on <nid005885>
Hello world, I'm rank 6 of 81 total ranks running on <nid005805>
Hello world, I'm rank 44 of 81 total ranks running on <nid006612>
Hello world, I'm rank 49 of 81 total ranks running on <nid006612>
Hello world, I'm rank 48 of 81 total ranks running on <nid006612>
Hello world, I'm rank 55 of 81 total ranks running on <nid006612>
Hello world, I'm rank 47 of 81 total ranks running on <nid006612>
Hello world, I'm rank 42 of 81 total ranks running on <nid006612>
Hello world, I'm rank 0 of 81 total ranks running on <nid005805>


Timing results from rank 0: 
	Scatter time:	38.0745 (ms) 
	Sobel time:	4.0306 (ms) 
	Gather time:	37.3130 (ms) 
	Message Count:	160 
	Data Movement:	293.7256 
 srun -n 81 ./mpi_2dmesh -i ../data/zebra-gray-int8-4x -x 7112 -y 5146 -g 2  
srun: Job 18236339 step creation temporarily disabled, retrying (Requested nodes are busy)
srun: Step created for StepId=18236339.22
Hello world, I'm rank 10 of 81 total ranks running on <nid005805>
Hello world, I'm rank 75 of 81 total ranks running on <nid006829>
Hello world, I'm rank 51 of 81 total ranks running on <nid006612>
Hello world, I'm rank 73 of 81 total ranks running on <nid006829>
Hello world, I'm rank 52 of 81 total ranks running on <nid006612>
Hello world, I'm rank 40 of 81 total ranks running on <nid005885>
Hello world, I'm rank 71 of 81 total ranks running on <nid006829>
Hello world, I'm rank 43 of 81 total ranks running on <nid006612>
Hello world, I'm rank 30 of 81 total ranks running on <nid005885>
Hello world, I'm rank 78 of 81 total ranks running on <nid006829>
Hello world, I'm rank 57 of 81 total ranks running on <nid006612>
Hello world, I'm rank 4 of 81 total ranks running on <nid005805>
Hello world, I'm rank 34 of 81 total ranks running on <nid005885>
Hello world, I'm rank 1 of 81 total ranks running on <nid005805>
Hello world, I'm rank 65 of 81 total ranks running on <nid006829>
Hello world, I'm rank 29 of 81 total ranks running on <nid005885>
Hello world, I'm rank 23 of 81 total ranks running on <nid005885>
Hello world, I'm rank 38 of 81 total ranks running on <nid005885>
Hello world, I'm rank 67 of 81 total ranks running on <nid006829>
Hello world, I'm rank 70 of 81 total ranks running on <nid006829>
Hello world, I'm rank 80 of 81 total ranks running on <nid006829>
Hello world, I'm rank 21 of 81 total ranks running on <nid005885>
Hello world, I'm rank 58 of 81 total ranks running on <nid006612>
Hello world, I'm rank 24 of 81 total ranks running on <nid005885>
Hello world, I'm rank 16 of 81 total ranks running on <nid005805>
Hello world, I'm rank 72 of 81 total ranks running on <nid006829>
Hello world, I'm rank 50 of 81 total ranks running on <nid006612>
Hello world, I'm rank 9 of 81 total ranks running on <nid005805>
Hello world, I'm rank 7 of 81 total ranks running on <nid005805>
Hello world, I'm rank 64 of 81 total ranks running on <nid006829>
Hello world, I'm rank 17 of 81 total ranks running on <nid005805>
Hello world, I'm rank 6 of 81 total ranks running on <nid005805>
Hello world, I'm rank 8 of 81 total ranks running on <nid005805>
Hello world, I'm rank 11 of 81 total ranks running on <nid005805>
Hello world, I'm rank 44 of 81 total ranks running on <nid006612>
Hello world, I'm rank 3 of 81 total ranks running on <nid005805>
Hello world, I'm rank 61 of 81 total ranks running on <nid006829>
Hello world, I'm rank 66 of 81 total ranks running on <nid006829>
Hello world, I'm rank 74 of 81 total ranks running on <nid006829>
Hello world, I'm rank 63 of 81 total ranks running on <nid006829>
Hello world, I'm rank 27 of 81 total ranks running on <nid005885>
Hello world, I'm rank 76 of 81 total ranks running on <nid006829>
Hello world, I'm rank 28 of 81 total ranks running on <nid005885>
Hello world, I'm rank 68 of 81 total ranks running on <nid006829>
Hello world, I'm rank 77 of 81 total ranks running on <nid006829>
Hello world, I'm rank 79 of 81 total ranks running on <nid006829>
Hello world, I'm rank 31 of 81 total ranks running on <nid005885>
Hello world, I'm rank 33 of 81 total ranks running on <nid005885>
Hello world, I'm rank 26 of 81 total ranks running on <nid005885>
Hello world, I'm rank 25 of 81 total ranks running on <nid005885>
Hello world, I'm rank 35 of 81 total ranks running on <nid005885>
Hello world, I'm rank 32 of 81 total ranks running on <nid005885>
Hello world, I'm rank 37 of 81 total ranks running on <nid005885>
Hello world, I'm rank 39 of 81 total ranks running on <nid005885>
Hello world, I'm rank 36 of 81 total ranks running on <nid005885>
Hello world, I'm rank 69 of 81 total ranks running on <nid006829>
Hello world, I'm rank 45 of 81 total ranks running on <nid006612>
Hello world, I'm rank 62 of 81 total ranks running on <nid006829>
Hello world, I'm rank 22 of 81 total ranks running on <nid005885>
Hello world, I'm rank 42 of 81 total ranks running on <nid006612>
Hello world, I'm rank 18 of 81 total ranks running on <nid005805>
Hello world, I'm rank 56 of 81 total ranks running on <nid006612>
Hello world, I'm rank 49 of 81 total ranks running on <nid006612>
Hello world, I'm rank 14 of 81 total ranks running on <nid005805>
Hello world, I'm rank 53 of 81 total ranks running on <nid006612>
Hello world, I'm rank 46 of 81 total ranks running on <nid006612>
Hello world, I'm rank 13 of 81 total ranks running on <nid005805>
Hello world, I'm rank 12 of 81 total ranks running on <nid005805>
Hello world, I'm rank 48 of 81 total ranks running on <nid006612>
Hello world, I'm rank 19 of 81 total ranks running on <nid005805>
Hello world, I'm rank 15 of 81 total ranks running on <nid005805>
Hello world, I'm rank 59 of 81 total ranks running on <nid006612>
Hello world, I'm rank 2 of 81 total ranks running on <nid005805>
Hello world, I'm rank 20 of 81 total ranks running on <nid005805>
Hello world, I'm rank 5 of 81 total ranks running on <nid005805>
Hello world, I'm rank 41 of 81 total ranks running on <nid006612>
Hello world, I'm rank 60 of 81 total ranks running on <nid006612>
Hello world, I'm rank 55 of 81 total ranks running on <nid006612>
Hello world, I'm rank 47 of 81 total ranks running on <nid006612>
Hello world, I'm rank 54 of 81 total ranks running on <nid006612>
Hello world, I'm rank 0 of 81 total ranks running on <nid005805>


Timing results from rank 0: 
	Scatter time:	67.1130 (ms) 
	Sobel time:	3.6855 (ms) 
	Gather time:	50.6825 (ms) 
	Message Count:	160 
	Data Movement:	292.4986 
 srun -n 81 ./mpi_2dmesh -i ../data/zebra-gray-int8-4x -x 7112 -y 5146 -g 3  
srun: Job 18236339 step creation temporarily disabled, retrying (Requested nodes are busy)
srun: Step created for StepId=18236339.23
Hello world, I'm rank 24 of 81 total ranks running on <nid005885>
Hello world, I'm rank 69 of 81 total ranks running on <nid006829>
Hello world, I'm rank 59 of 81 total ranks running on <nid006612>
Hello world, I'm rank 23 of 81 total ranks running on <nid005885>
Hello world, I'm rank 68 of 81 total ranks running on <nid006829>
Hello world, I'm rank 6 of 81 total ranks running on <nid005805>
Hello world, I'm rank 56 of 81 total ranks running on <nid006612>
Hello world, I'm rank 29 of 81 total ranks running on <nid005885>
Hello world, I'm rank 9 of 81 total ranks running on <nid005805>
Hello world, I'm rank 70 of 81 total ranks running on <nid006829>
Hello world, I'm rank 19 of 81 total ranks running on <nid005805>
Hello world, I'm rank 17 of 81 total ranks running on <nid005805>
Hello world, I'm rank 60 of 81 total ranks running on <nid006612>
Hello world, I'm rank 61 of 81 total ranks running on <nid006829>
Hello world, I'm rank 51 of 81 total ranks running on <nid006612>
Hello world, I'm rank 67 of 81 total ranks running on <nid006829>
Hello world, I'm rank 55 of 81 total ranks running on <nid006612>
Hello world, I'm rank 4 of 81 total ranks running on <nid005805>
Hello world, I'm rank 50 of 81 total ranks running on <nid006612>
Hello world, I'm rank 77 of 81 total ranks running on <nid006829>
Hello world, I'm rank 48 of 81 total ranks running on <nid006612>
Hello world, I'm rank 75 of 81 total ranks running on <nid006829>
Hello world, I'm rank 47 of 81 total ranks running on <nid006612>
Hello world, I'm rank 79 of 81 total ranks running on <nid006829>
Hello world, I'm rank 2 of 81 total ranks running on <nid005805>
Hello world, I'm rank 26 of 81 total ranks running on <nid005885>
Hello world, I'm rank 15 of 81 total ranks running on <nid005805>
Hello world, I'm rank 38 of 81 total ranks running on <nid005885>
Hello world, I'm rank 12 of 81 total ranks running on <nid005805>
Hello world, I'm rank 39 of 81 total ranks running on <nid005885>
Hello world, I'm rank 71 of 81 total ranks running on <nid006829>
Hello world, I'm rank 28 of 81 total ranks running on <nid005885>
Hello world, I'm rank 25 of 81 total ranks running on <nid005885>
Hello world, I'm rank 14 of 81 total ranks running on <nid005805>
Hello world, I'm rank 64 of 81 total ranks running on <nid006829>
Hello world, I'm rank 62 of 81 total ranks running on <nid006829>
Hello world, I'm rank 76 of 81 total ranks running on <nid006829>
Hello world, I'm rank 65 of 81 total ranks running on <nid006829>
Hello world, I'm rank 78 of 81 total ranks running on <nid006829>
Hello world, I'm rank 34 of 81 total ranks running on <nid005885>
Hello world, I'm rank 63 of 81 total ranks running on <nid006829>
Hello world, I'm rank 73 of 81 total ranks running on <nid006829>
Hello world, I'm rank 30 of 81 total ranks running on <nid005885>
Hello world, I'm rank 72 of 81 total ranks running on <nid006829>
Hello world, I'm rank 31 of 81 total ranks running on <nid005885>
Hello world, I'm rank 80 of 81 total ranks running on <nid006829>
Hello world, I'm rank 35 of 81 total ranks running on <nid005885>
Hello world, I'm rank 66 of 81 total ranks running on <nid006829>
Hello world, I'm rank 32 of 81 total ranks running on <nid005885>
Hello world, I'm rank 21 of 81 total ranks running on <nid005885>
Hello world, I'm rank 40 of 81 total ranks running on <nid005885>
Hello world, I'm rank 27 of 81 total ranks running on <nid005885>
Hello world, I'm rank 33 of 81 total ranks running on <nid005885>
Hello world, I'm rank 36 of 81 total ranks running on <nid005885>
Hello world, I'm rank 13 of 81 total ranks running on <nid005805>
Hello world, I'm rank 53 of 81 total ranks running on <nid006612>
Hello world, I'm rank 22 of 81 total ranks running on <nid005885>
Hello world, I'm rank 74 of 81 total ranks running on <nid006829>
Hello world, I'm rank 37 of 81 total ranks running on <nid005885>
Hello world, I'm rank 58 of 81 total ranks running on <nid006612>
Hello world, I'm rank 57 of 81 total ranks running on <nid006612>
Hello world, I'm rank 11 of 81 total ranks running on <nid005805>
Hello world, I'm rank 3 of 81 total ranks running on <nid005805>
Hello world, I'm rank 46 of 81 total ranks running on <nid006612>
Hello world, I'm rank 20 of 81 total ranks running on <nid005805>
Hello world, I'm rank 1 of 81 total ranks running on <nid005805>
Hello world, I'm rank 8 of 81 total ranks running on <nid005805>
Hello world, I'm rank 18 of 81 total ranks running on <nid005805>
Hello world, I'm rank 16 of 81 total ranks running on <nid005805>
Hello world, I'm rank 5 of 81 total ranks running on <nid005805>
Hello world, I'm rank 7 of 81 total ranks running on <nid005805>
Hello world, I'm rank 10 of 81 total ranks running on <nid005805>
Hello world, I'm rank 43 of 81 total ranks running on <nid006612>
Hello world, I'm rank 45 of 81 total ranks running on <nid006612>
Hello world, I'm rank 54 of 81 total ranks running on <nid006612>
Hello world, I'm rank 41 of 81 total ranks running on <nid006612>
Hello world, I'm rank 0 of 81 total ranks running on <nid005805>


Timing results from rank 0: 
	Scatter time:	57.8599 (ms) 
	Sobel time:	4.1725 (ms) 
	Gather time:	48.0402 (ms) 
	Message Count:	160 
	Data Movement:	289.9582 
Hello world, I'm rank 49 of 81 total ranks running on <nid006612>
Hello world, I'm rank 44 of 81 total ranks running on <nid006612>
Hello world, I'm rank 52 of 81 total ranks running on <nid006612>
Hello world, I'm rank 42 of 81 total ranks running on <nid006612>
